<?xml version="1.0" encoding="windows-1252" standalone="no"?>
<!DOCTYPE log SYSTEM "logger.dtd">
<log>
<record>
  <date>2021-05-27T10:16:55.371993400Z</date>
  <millis>1622110615371</millis>
  <nanos>993400</nanos>
  <sequence>0</sequence>
  <logger>global</logger>
  <level>INFO</level>
  <class>logging.MyLogger</class>
  <method>setup</method>
  <thread>1</thread>
  <message>Logger is configured</message>
</record>
<record>
  <date>2021-05-27T10:16:55.628203400Z</date>
  <millis>1622110615628</millis>
  <nanos>203400</nanos>
  <sequence>1</sequence>
  <logger>global</logger>
  <level>INFO</level>
  <class>jdbc.JDBCManager</class>
  <method>connect</method>
  <thread>1</thread>
  <message>Se ha establecido la conexión con la BD</message>
</record>
<record>
  <date>2021-05-27T10:16:55.651504Z</date>
  <millis>1622110615651</millis>
  <nanos>504000</nanos>
  <sequence>2</sequence>
  <logger>global</logger>
  <level>FINER</level>
  <class>ArchiveFactoryImpl</class>
  <method>createArchive</method>
  <thread>1</thread>
  <message>ENTRY file:/C:/Users/alex/git/BasesDatosRestaurante/BaseDeDatosRestaurante/bin/ META-INF/persistence.xml</message>
</record>
<record>
  <date>2021-05-27T10:16:55.652503200Z</date>
  <millis>1622110615652</millis>
  <nanos>503200</nanos>
  <sequence>3</sequence>
  <logger>global</logger>
  <level>FINER</level>
  <class>ArchiveFactoryImpl</class>
  <method>createArchive</method>
  <thread>1</thread>
  <message>protocol = file</message>
</record>
<record>
  <date>2021-05-27T10:16:55.659498700Z</date>
  <millis>1622110615659</millis>
  <nanos>498700</nanos>
  <sequence>4</sequence>
  <logger>global</logger>
  <level>FINER</level>
  <class>DirectoryArchive</class>
  <method>DirectoryArchive</method>
  <thread>1</thread>
  <message>ENTRY C:\Users\alex\git\BasesDatosRestaurante\BaseDeDatosRestaurante\bin</message>
</record>
<record>
  <date>2021-05-27T10:16:55.660498200Z</date>
  <millis>1622110615660</millis>
  <nanos>498200</nanos>
  <sequence>5</sequence>
  <logger>global</logger>
  <level>FINER</level>
  <class>DirectoryArchive</class>
  <method>DirectoryArchive</method>
  <thread>1</thread>
  <message>rootURL = file:/C:/Users/alex/git/BasesDatosRestaurante/BaseDeDatosRestaurante/bin/</message>
</record>
<record>
  <date>2021-05-27T10:16:55.665496400Z</date>
  <millis>1622110615665</millis>
  <nanos>496400</nanos>
  <sequence>6</sequence>
  <logger>global</logger>
  <level>FINER</level>
  <class>ArchiveFactoryImpl</class>
  <method>createArchive</method>
  <thread>1</thread>
  <message>RETURN DirectoryArchive(file:/C:/Users/alex/git/BasesDatosRestaurante/BaseDeDatosRestaurante/bin/)</message>
</record>
<record>
  <date>2021-05-27T10:16:55.834398800Z</date>
  <millis>1622110615834</millis>
  <nanos>398800</nanos>
  <sequence>7</sequence>
  <logger>global</logger>
  <level>FINER</level>
  <class>ArchiveFactoryImpl</class>
  <method>createArchive</method>
  <thread>1</thread>
  <message>ENTRY file:/C:/Users/alex/git/BasesDatosRestaurante/BaseDeDatosRestaurante/bin/ null</message>
</record>
<record>
  <date>2021-05-27T10:16:55.834398800Z</date>
  <millis>1622110615834</millis>
  <nanos>398800</nanos>
  <sequence>8</sequence>
  <logger>global</logger>
  <level>FINER</level>
  <class>ArchiveFactoryImpl</class>
  <method>createArchive</method>
  <thread>1</thread>
  <message>protocol = file</message>
</record>
<record>
  <date>2021-05-27T10:16:55.834398800Z</date>
  <millis>1622110615834</millis>
  <nanos>398800</nanos>
  <sequence>9</sequence>
  <logger>global</logger>
  <level>FINER</level>
  <class>DirectoryArchive</class>
  <method>DirectoryArchive</method>
  <thread>1</thread>
  <message>ENTRY C:\Users\alex\git\BasesDatosRestaurante\BaseDeDatosRestaurante\bin</message>
</record>
<record>
  <date>2021-05-27T10:16:55.834398800Z</date>
  <millis>1622110615834</millis>
  <nanos>398800</nanos>
  <sequence>10</sequence>
  <logger>global</logger>
  <level>FINER</level>
  <class>DirectoryArchive</class>
  <method>DirectoryArchive</method>
  <thread>1</thread>
  <message>rootURL = file:/C:/Users/alex/git/BasesDatosRestaurante/BaseDeDatosRestaurante/bin/</message>
</record>
<record>
  <date>2021-05-27T10:16:55.838396700Z</date>
  <millis>1622110615838</millis>
  <nanos>396700</nanos>
  <sequence>11</sequence>
  <logger>global</logger>
  <level>FINER</level>
  <class>ArchiveFactoryImpl</class>
  <method>createArchive</method>
  <thread>1</thread>
  <message>RETURN DirectoryArchive(file:/C:/Users/alex/git/BasesDatosRestaurante/BaseDeDatosRestaurante/bin/)</message>
</record>
<record>
  <date>2021-05-27T10:16:55.838396700Z</date>
  <millis>1622110615838</millis>
  <nanos>396700</nanos>
  <sequence>12</sequence>
  <logger>global</logger>
  <level>FINER</level>
  <class>ArchiveFactoryImpl</class>
  <method>createArchive</method>
  <thread>1</thread>
  <message>ENTRY file:/C:/Users/alex/git/BasesDatosRestaurante/BaseDeDatosRestaurante/bin/ null</message>
</record>
<record>
  <date>2021-05-27T10:16:55.838396700Z</date>
  <millis>1622110615838</millis>
  <nanos>396700</nanos>
  <sequence>13</sequence>
  <logger>global</logger>
  <level>FINER</level>
  <class>ArchiveFactoryImpl</class>
  <method>createArchive</method>
  <thread>1</thread>
  <message>protocol = file</message>
</record>
<record>
  <date>2021-05-27T10:16:55.838396700Z</date>
  <millis>1622110615838</millis>
  <nanos>396700</nanos>
  <sequence>14</sequence>
  <logger>global</logger>
  <level>FINER</level>
  <class>DirectoryArchive</class>
  <method>DirectoryArchive</method>
  <thread>1</thread>
  <message>ENTRY C:\Users\alex\git\BasesDatosRestaurante\BaseDeDatosRestaurante\bin</message>
</record>
<record>
  <date>2021-05-27T10:16:55.838396700Z</date>
  <millis>1622110615838</millis>
  <nanos>396700</nanos>
  <sequence>15</sequence>
  <logger>global</logger>
  <level>FINER</level>
  <class>DirectoryArchive</class>
  <method>DirectoryArchive</method>
  <thread>1</thread>
  <message>rootURL = file:/C:/Users/alex/git/BasesDatosRestaurante/BaseDeDatosRestaurante/bin/</message>
</record>
<record>
  <date>2021-05-27T10:16:55.841394100Z</date>
  <millis>1622110615841</millis>
  <nanos>394100</nanos>
  <sequence>16</sequence>
  <logger>global</logger>
  <level>FINER</level>
  <class>ArchiveFactoryImpl</class>
  <method>createArchive</method>
  <thread>1</thread>
  <message>RETURN DirectoryArchive(file:/C:/Users/alex/git/BasesDatosRestaurante/BaseDeDatosRestaurante/bin/)</message>
</record>
<record>
  <date>2021-05-27T10:16:57.987213600Z</date>
  <millis>1622110617987</millis>
  <nanos>213600</nanos>
  <sequence>17</sequence>
  <logger>global</logger>
  <level>INFO</level>
  <class>interfaz.menu</class>
  <method>main</method>
  <thread>1</thread>
  <message>El usuario elige 2</message>
</record>
<record>
  <date>2021-05-27T10:17:04.506540Z</date>
  <millis>1622110624506</millis>
  <nanos>540000</nanos>
  <sequence>18</sequence>
  <logger>global</logger>
  <level>INFO</level>
  <class>logging.MyLogger</class>
  <method>setup</method>
  <thread>1</thread>
  <message>Logger is configured</message>
</record>
<record>
  <date>2021-05-27T10:17:04.508549900Z</date>
  <millis>1622110624508</millis>
  <nanos>549900</nanos>
  <sequence>19</sequence>
  <logger>global</logger>
  <level>INFO</level>
  <class>jdbc.JDBCManager</class>
  <method>connect</method>
  <thread>1</thread>
  <message>Se ha establecido la conexión con la BD</message>
</record>
<record>
  <date>2021-05-27T10:17:04.509538700Z</date>
  <millis>1622110624509</millis>
  <nanos>538700</nanos>
  <sequence>20</sequence>
  <logger>global</logger>
  <level>FINE</level>
  <class>jdbc.JDBCManager</class>
  <method>searchJefes</method>
  <thread>1</thread>
  <message>Jefe: ID: 1 Nombre: Daniel</message>
</record>
<record>
  <date>2021-05-27T10:17:04.509538700Z</date>
  <millis>1622110624509</millis>
  <nanos>538700</nanos>
  <sequence>21</sequence>
  <logger>global</logger>
  <level>FINE</level>
  <class>jdbc.JDBCManager</class>
  <method>searchJefes</method>
  <thread>1</thread>
  <message>Jefe: ID: 2 Nombre: Alejandro</message>
</record>
<record>
  <date>2021-05-27T10:17:04.510537900Z</date>
  <millis>1622110624510</millis>
  <nanos>537900</nanos>
  <sequence>22</sequence>
  <logger>global</logger>
  <level>FINE</level>
  <class>jdbc.JDBCManager</class>
  <method>searchJefes</method>
  <thread>1</thread>
  <message>Jefe: ID: 3 Nombre: Ignacio</message>
</record>
<record>
  <date>2021-05-27T10:17:04.510537900Z</date>
  <millis>1622110624510</millis>
  <nanos>537900</nanos>
  <sequence>23</sequence>
  <logger>global</logger>
  <level>FINE</level>
  <class>jdbc.JDBCManager</class>
  <method>searchJefes</method>
  <thread>1</thread>
  <message>Jefe: ID: 4 Nombre: Daniel</message>
</record>
<record>
  <date>2021-05-27T10:17:04.510537900Z</date>
  <millis>1622110624510</millis>
  <nanos>537900</nanos>
  <sequence>24</sequence>
  <logger>global</logger>
  <level>FINE</level>
  <class>jdbc.JDBCManager</class>
  <method>searchJefes</method>
  <thread>1</thread>
  <message>Jefe: ID: 5 Nombre: Alejandro</message>
</record>
<record>
  <date>2021-05-27T10:17:04.510537900Z</date>
  <millis>1622110624510</millis>
  <nanos>537900</nanos>
  <sequence>25</sequence>
  <logger>global</logger>
  <level>FINE</level>
  <class>jdbc.JDBCManager</class>
  <method>searchJefes</method>
  <thread>1</thread>
  <message>Jefe: ID: 6 Nombre: Ignacio</message>
</record>
<record>
  <date>2021-05-27T10:17:06.704687100Z</date>
  <millis>1622110626704</millis>
  <nanos>687100</nanos>
  <sequence>26</sequence>
  <logger>global</logger>
  <level>INFO</level>
  <class>interfaz.MenuServidor</class>
  <method>main</method>
  <thread>1</thread>
  <message>El usuario elige 16</message>
</record>
