<?xml version="1.0" encoding="windows-1252" standalone="no"?>
<!DOCTYPE log SYSTEM "logger.dtd">
<log>
<record>
  <date>2021-05-10T10:18:23.669089700Z</date>
  <millis>1620641903669</millis>
  <nanos>89700</nanos>
  <sequence>0</sequence>
  <logger>global</logger>
  <level>INFO</level>
  <class>logging.MyLogger</class>
  <method>setup</method>
  <thread>1</thread>
  <message>Logger is configured</message>
</record>
<record>
  <date>2021-05-10T10:18:24.175735300Z</date>
  <millis>1620641904175</millis>
  <nanos>735300</nanos>
  <sequence>1</sequence>
  <logger>global</logger>
  <level>INFO</level>
  <class>jdbc.JDBCManager</class>
  <method>connect</method>
  <thread>1</thread>
  <message>Se ha establecido la conexión con la BD</message>
</record>
<record>
  <date>2021-05-10T10:18:28.694779900Z</date>
  <millis>1620641908694</millis>
  <nanos>779900</nanos>
  <sequence>2</sequence>
  <logger>global</logger>
  <level>INFO</level>
  <class>interfaz.MenuServidor</class>
  <method>main</method>
  <thread>1</thread>
  <message>El usuario elige 2</message>
</record>
<record>
  <date>2021-05-10T10:18:28.697769800Z</date>
  <millis>1620641908697</millis>
  <nanos>769800</nanos>
  <sequence>3</sequence>
  <logger>global</logger>
  <level>FINE</level>
  <class>jdbc.JDBCManager</class>
  <method>searchEmpleados</method>
  <thread>1</thread>
  <message>Empleado: ID: 1  Nombre: Paco  Cargo_id: 1   Sueldo: 1000</message>
</record>
<record>
  <date>2021-05-10T10:18:28.698767Z</date>
  <millis>1620641908698</millis>
  <nanos>767000</nanos>
  <sequence>4</sequence>
  <logger>global</logger>
  <level>FINE</level>
  <class>jdbc.JDBCManager</class>
  <method>searchEmpleados</method>
  <thread>1</thread>
  <message>Empleado: ID: 2  Nombre: Jaime  Cargo_id: 2   Sueldo: 1000</message>
</record>
<record>
  <date>2021-05-10T10:18:28.698767Z</date>
  <millis>1620641908698</millis>
  <nanos>767000</nanos>
  <sequence>5</sequence>
  <logger>global</logger>
  <level>FINE</level>
  <class>jdbc.JDBCManager</class>
  <method>searchEmpleados</method>
  <thread>1</thread>
  <message>Empleado: ID: 3  Nombre: Jose  Cargo_id: 3   Sueldo: 1000</message>
</record>
<record>
  <date>2021-05-10T10:18:36.064944Z</date>
  <millis>1620641916064</millis>
  <nanos>944000</nanos>
  <sequence>6</sequence>
  <logger>global</logger>
  <level>INFO</level>
  <class>interfaz.MenuServidor</class>
  <method>main</method>
  <thread>1</thread>
  <message>El usuario elige 5</message>
</record>
<record>
  <date>2021-05-10T10:18:36.068890300Z</date>
  <millis>1620641916068</millis>
  <nanos>890300</nanos>
  <sequence>7</sequence>
  <logger>global</logger>
  <level>FINE</level>
  <class>jdbc.JDBCManager</class>
  <method>searchClientes</method>
  <thread>1</thread>
  <message>Cliente: ID: 1 Nombre: alvaro Telefono: 1 Email: 1</message>
</record>
<record>
  <date>2021-05-10T10:18:39.391037900Z</date>
  <millis>1620641919391</millis>
  <nanos>37900</nanos>
  <sequence>8</sequence>
  <logger>global</logger>
  <level>INFO</level>
  <class>interfaz.MenuServidor</class>
  <method>main</method>
  <thread>1</thread>
  <message>El usuario elige 7</message>
</record>
<record>
  <date>2021-05-10T10:18:58.260296200Z</date>
  <millis>1620641938260</millis>
  <nanos>296200</nanos>
  <sequence>9</sequence>
  <logger>global</logger>
  <level>SEVERE</level>
  <class>jdbc.JDBCManager</class>
  <method>addPedido</method>
  <thread>1</thread>
  <message>Error al insertar el pedido: ID: 0 Cliente_id: 1Coste: 12.0Direccion: aHora: 1010-10-10Repartidor: 3
</message>
</record>
<record>
  <date>2021-05-10T11:09:56.381555600Z</date>
  <millis>1620644996381</millis>
  <nanos>555600</nanos>
  <sequence>10</sequence>
  <logger>global</logger>
  <level>WARNING</level>
  <class>interfaz.MenuServidor</class>
  <method>main</method>
  <thread>1</thread>
  <message>El usuario no ha introducido un número</message>
</record>
<record>
  <date>2021-05-10T11:09:56.383550800Z</date>
  <millis>1620644996383</millis>
  <nanos>550800</nanos>
  <sequence>11</sequence>
  <logger>global</logger>
  <level>WARNING</level>
  <class>interfaz.MenuServidor</class>
  <method>main</method>
  <thread>1</thread>
  <message>El usuario no ha introducido un número</message>
</record>
<record>
  <date>2021-05-10T11:09:56.385545Z</date>
  <millis>1620644996385</millis>
  <nanos>545000</nanos>
  <sequence>12</sequence>
  <logger>global</logger>
  <level>WARNING</level>
  <class>interfaz.MenuServidor</class>
  <method>main</method>
  <thread>1</thread>
  <message>El usuario no ha introducido un número</message>
</record>
<record>
  <date>2021-05-10T11:09:56.386542100Z</date>
  <millis>1620644996386</millis>
  <nanos>542100</nanos>
  <sequence>13</sequence>
  <logger>global</logger>
  <level>WARNING</level>
  <class>interfaz.MenuServidor</class>
  <method>main</method>
  <thread>1</thread>
  <message>El usuario no ha introducido un número</message>
</record>
<record>
  <date>2021-05-10T11:09:56.387538900Z</date>
  <millis>1620644996387</millis>
  <nanos>538900</nanos>
  <sequence>14</sequence>
  <logger>global</logger>
  <level>WARNING</level>
  <class>interfaz.MenuServidor</class>
  <method>main</method>
  <thread>1</thread>
  <message>El usuario no ha introducido un número</message>
</record>
<record>
  <date>2021-05-10T11:09:56.390530300Z</date>
  <millis>1620644996390</millis>
  <nanos>530300</nanos>
  <sequence>15</sequence>
  <logger>global</logger>
  <level>WARNING</level>
  <class>interfaz.MenuServidor</class>
  <method>main</method>
  <thread>1</thread>
  <message>El usuario no ha introducido un número</message>
</record>
<record>
  <date>2021-05-10T11:09:56.393523Z</date>
  <millis>1620644996393</millis>
  <nanos>523000</nanos>
  <sequence>16</sequence>
  <logger>global</logger>
  <level>WARNING</level>
  <class>interfaz.MenuServidor</class>
  <method>main</method>
  <thread>1</thread>
  <message>El usuario no ha introducido un número</message>
</record>
<record>
  <date>2021-05-10T11:09:56.396515500Z</date>
  <millis>1620644996396</millis>
  <nanos>515500</nanos>
  <sequence>17</sequence>
  <logger>global</logger>
  <level>WARNING</level>
  <class>interfaz.MenuServidor</class>
  <method>main</method>
  <thread>1</thread>
  <message>El usuario no ha introducido un número</message>
</record>
<record>
  <date>2021-05-10T11:09:56.398509700Z</date>
  <millis>1620644996398</millis>
  <nanos>509700</nanos>
  <sequence>18</sequence>
  <logger>global</logger>
  <level>WARNING</level>
  <class>interfaz.MenuServidor</class>
  <method>main</method>
  <thread>1</thread>
  <message>El usuario no ha introducido un número</message>
</record>
<record>
  <date>2021-05-10T11:09:56.401503100Z</date>
  <millis>1620644996401</millis>
  <nanos>503100</nanos>
  <sequence>19</sequence>
  <logger>global</logger>
  <level>WARNING</level>
  <class>interfaz.MenuServidor</class>
  <method>main</method>
  <thread>1</thread>
  <message>El usuario no ha introducido un número</message>
</record>
<record>
  <date>2021-05-10T11:09:56.404493700Z</date>
  <millis>1620644996404</millis>
  <nanos>493700</nanos>
  <sequence>20</sequence>
  <logger>global</logger>
  <level>WARNING</level>
  <class>interfaz.MenuServidor</class>
  <method>main</method>
  <thread>1</thread>
  <message>El usuario no ha introducido un número</message>
</record>
<record>
  <date>2021-05-10T11:09:56.407486300Z</date>
  <millis>1620644996407</millis>
  <nanos>486300</nanos>
  <sequence>21</sequence>
  <logger>global</logger>
  <level>WARNING</level>
  <class>interfaz.MenuServidor</class>
  <method>main</method>
  <thread>1</thread>
  <message>El usuario no ha introducido un número</message>
</record>
<record>
  <date>2021-05-10T11:09:56.409479600Z</date>
  <millis>1620644996409</millis>
  <nanos>479600</nanos>
  <sequence>22</sequence>
  <logger>global</logger>
  <level>WARNING</level>
  <class>interfaz.MenuServidor</class>
  <method>main</method>
  <thread>1</thread>
  <message>El usuario no ha introducido un número</message>
</record>
