<?xml version="1.0" encoding="windows-1252" standalone="no"?>
<!DOCTYPE log SYSTEM "logger.dtd">
<log>
<record>
  <date>2021-05-10T09:46:13.935281200Z</date>
  <millis>1620639973935</millis>
  <nanos>281200</nanos>
  <sequence>0</sequence>
  <logger>global</logger>
  <level>INFO</level>
  <class>logging.MyLogger</class>
  <method>setup</method>
  <thread>1</thread>
  <message>Logger is configured</message>
</record>
<record>
  <date>2021-05-10T09:46:14.212397100Z</date>
  <millis>1620639974212</millis>
  <nanos>397100</nanos>
  <sequence>1</sequence>
  <logger>global</logger>
  <level>INFO</level>
  <class>jdbc.JDBCManager</class>
  <method>connect</method>
  <thread>1</thread>
  <message>Se ha establecido la conexión con la BD</message>
</record>
<record>
  <date>2021-05-10T09:46:19.488699Z</date>
  <millis>1620639979488</millis>
  <nanos>699000</nanos>
  <sequence>2</sequence>
  <logger>global</logger>
  <level>INFO</level>
  <class>interfaz.MenuServidor</class>
  <method>main</method>
  <thread>1</thread>
  <message>El usuario elige 5</message>
</record>
<record>
  <date>2021-05-10T09:46:19.490696100Z</date>
  <millis>1620639979490</millis>
  <nanos>696100</nanos>
  <sequence>3</sequence>
  <logger>global</logger>
  <level>FINE</level>
  <class>jdbc.JDBCManager</class>
  <method>searchClientes</method>
  <thread>1</thread>
  <message>Cliente: ID: 1 Nombre: pedro Telefono: 1 Email: 1</message>
</record>
<record>
  <date>2021-05-10T09:46:19.490696100Z</date>
  <millis>1620639979490</millis>
  <nanos>696100</nanos>
  <sequence>4</sequence>
  <logger>global</logger>
  <level>FINE</level>
  <class>jdbc.JDBCManager</class>
  <method>searchClientes</method>
  <thread>1</thread>
  <message>Cliente: ID: 2 Nombre: luis Telefono: 2 Email: 2</message>
</record>
<record>
  <date>2021-05-10T09:46:36.006420800Z</date>
  <millis>1620639996006</millis>
  <nanos>420800</nanos>
  <sequence>5</sequence>
  <logger>global</logger>
  <level>WARNING</level>
  <class>interfaz.MenuServidor</class>
  <method>main</method>
  <thread>1</thread>
  <message>El usuario no ha introducido un número</message>
</record>
<record>
  <date>2021-05-10T09:46:36.020382600Z</date>
  <millis>1620639996020</millis>
  <nanos>382600</nanos>
  <sequence>6</sequence>
  <logger>global</logger>
  <level>WARNING</level>
  <class>interfaz.MenuServidor</class>
  <method>main</method>
  <thread>1</thread>
  <message>El usuario no ha introducido un número</message>
</record>
<record>
  <date>2021-05-10T09:46:36.020382600Z</date>
  <millis>1620639996020</millis>
  <nanos>382600</nanos>
  <sequence>7</sequence>
  <logger>global</logger>
  <level>WARNING</level>
  <class>interfaz.MenuServidor</class>
  <method>main</method>
  <thread>1</thread>
  <message>El usuario no ha introducido un número</message>
</record>
