<?xml version="1.0" encoding="windows-1252" standalone="no"?>
<!DOCTYPE log SYSTEM "logger.dtd">
<log>
<record>
  <date>2021-04-28T09:48:12.196780700Z</date>
  <millis>1619603292196</millis>
  <nanos>780700</nanos>
  <sequence>0</sequence>
  <logger>global</logger>
  <level>INFO</level>
  <class>logging.MyLogger</class>
  <method>setup</method>
  <thread>1</thread>
  <message>Logger is configured</message>
</record>
<record>
  <date>2021-04-28T09:48:12.457728800Z</date>
  <millis>1619603292457</millis>
  <nanos>728800</nanos>
  <sequence>1</sequence>
  <logger>global</logger>
  <level>INFO</level>
  <class>jdbc.JDBCManager</class>
  <method>connect</method>
  <thread>1</thread>
  <message>Se ha establecido la conexión con la BD</message>
</record>
<record>
  <date>2021-04-28T09:48:14.992767600Z</date>
  <millis>1619603294992</millis>
  <nanos>767600</nanos>
  <sequence>2</sequence>
  <logger>global</logger>
  <level>INFO</level>
  <class>interfaz.MenuServidor</class>
  <method>main</method>
  <thread>1</thread>
  <message>El usuario elige 2</message>
</record>
<record>
  <date>2021-04-28T09:48:14.995759900Z</date>
  <millis>1619603294995</millis>
  <nanos>759900</nanos>
  <sequence>3</sequence>
  <logger>global</logger>
  <level>FINE</level>
  <class>jdbc.JDBCManager</class>
  <method>searchEmpleados</method>
  <thread>1</thread>
  <message>Empleado: ID: 1  Nombre: rrrrr  Cargo_id: 22   Sueldo: 3333</message>
</record>
<record>
  <date>2021-04-28T09:48:14.995759900Z</date>
  <millis>1619603294995</millis>
  <nanos>759900</nanos>
  <sequence>4</sequence>
  <logger>global</logger>
  <level>FINE</level>
  <class>jdbc.JDBCManager</class>
  <method>searchEmpleados</method>
  <thread>1</thread>
  <message>Empleado: ID: 2  Nombre: Jorge  Cargo_id: 1   Sueldo: 1222</message>
</record>
<record>
  <date>2021-04-28T09:48:17.310382100Z</date>
  <millis>1619603297310</millis>
  <nanos>382100</nanos>
  <sequence>5</sequence>
  <logger>global</logger>
  <level>INFO</level>
  <class>interfaz.MenuServidor</class>
  <method>main</method>
  <thread>1</thread>
  <message>El usuario elige 3</message>
</record>
<record>
  <date>2021-04-28T09:48:17.311378100Z</date>
  <millis>1619603297311</millis>
  <nanos>378100</nanos>
  <sequence>6</sequence>
  <logger>global</logger>
  <level>FINE</level>
  <class>jdbc.JDBCManager</class>
  <method>searchEmpleados</method>
  <thread>1</thread>
  <message>Empleado: ID: 1  Nombre: rrrrr  Cargo_id: 22   Sueldo: 3333</message>
</record>
<record>
  <date>2021-04-28T09:48:17.312375500Z</date>
  <millis>1619603297312</millis>
  <nanos>375500</nanos>
  <sequence>7</sequence>
  <logger>global</logger>
  <level>FINE</level>
  <class>jdbc.JDBCManager</class>
  <method>searchEmpleados</method>
  <thread>1</thread>
  <message>Empleado: ID: 2  Nombre: Jorge  Cargo_id: 1   Sueldo: 1222</message>
</record>
<record>
  <date>2021-04-28T09:48:23.359532Z</date>
  <millis>1619603303359</millis>
  <nanos>532000</nanos>
  <sequence>8</sequence>
  <logger>global</logger>
  <level>FINE</level>
  <class>jdbc.JDBCManager</class>
  <method>searchEmpleadoByNombre</method>
  <thread>1</thread>
  <message>Empleado: ID: 2  Nombre: Jorge  Cargo_id: 1   Sueldo: 1222</message>
</record>
<record>
  <date>2021-04-28T09:48:31.936703Z</date>
  <millis>1619603311936</millis>
  <nanos>703000</nanos>
  <sequence>9</sequence>
  <logger>global</logger>
  <level>INFO</level>
  <class>interfaz.MenuServidor</class>
  <method>main</method>
  <thread>1</thread>
  <message>El usuario elige 2</message>
</record>
<record>
  <date>2021-04-28T09:48:31.938697Z</date>
  <millis>1619603311938</millis>
  <nanos>697000</nanos>
  <sequence>10</sequence>
  <logger>global</logger>
  <level>FINE</level>
  <class>jdbc.JDBCManager</class>
  <method>searchEmpleados</method>
  <thread>1</thread>
  <message>Empleado: ID: 1  Nombre: rrrrr  Cargo_id: 22   Sueldo: 3333</message>
</record>
<record>
  <date>2021-04-28T09:48:39.189200700Z</date>
  <millis>1619603319189</millis>
  <nanos>200700</nanos>
  <sequence>11</sequence>
  <logger>global</logger>
  <level>INFO</level>
  <class>interfaz.MenuServidor</class>
  <method>main</method>
  <thread>1</thread>
  <message>El usuario elige 5</message>
</record>
</log>
