<?xml version="1.0" encoding="windows-1252" standalone="no"?>
<!DOCTYPE log SYSTEM "logger.dtd">
<log>
<record>
  <date>2021-05-10T10:22:27.357617Z</date>
  <millis>1620642147357</millis>
  <nanos>617000</nanos>
  <sequence>0</sequence>
  <logger>global</logger>
  <level>INFO</level>
  <class>logging.MyLogger</class>
  <method>setup</method>
  <thread>1</thread>
  <message>Logger is configured</message>
</record>
<record>
  <date>2021-05-10T10:22:27.641404500Z</date>
  <millis>1620642147641</millis>
  <nanos>404500</nanos>
  <sequence>1</sequence>
  <logger>global</logger>
  <level>INFO</level>
  <class>jdbc.JDBCManager</class>
  <method>connect</method>
  <thread>1</thread>
  <message>Se ha establecido la conexión con la BD</message>
</record>
<record>
  <date>2021-05-10T10:22:32.101338Z</date>
  <millis>1620642152101</millis>
  <nanos>338000</nanos>
  <sequence>2</sequence>
  <logger>global</logger>
  <level>INFO</level>
  <class>interfaz.MenuCliente</class>
  <method>main</method>
  <thread>1</thread>
  <message>El usuario elige 1</message>
</record>
<record>
  <date>2021-05-10T10:22:46.053028800Z</date>
  <millis>1620642166053</millis>
  <nanos>28800</nanos>
  <sequence>3</sequence>
  <logger>global</logger>
  <level>INFO</level>
  <class>interfaz.MenuCliente</class>
  <method>main</method>
  <thread>1</thread>
  <message>El usuario elige 1</message>
</record>
<record>
  <date>2021-05-10T10:22:50.701268100Z</date>
  <millis>1620642170701</millis>
  <nanos>268100</nanos>
  <sequence>4</sequence>
  <logger>global</logger>
  <level>INFO</level>
  <class>interfaz.MenuCliente</class>
  <method>main</method>
  <thread>1</thread>
  <message>El usuario elige 4</message>
</record>
<record>
  <date>2021-05-10T10:22:50.706253600Z</date>
  <millis>1620642170706</millis>
  <nanos>253600</nanos>
  <sequence>5</sequence>
  <logger>global</logger>
  <level>FINE</level>
  <class>jdbc.JDBCManager</class>
  <method>searchMenu</method>
  <thread>1</thread>
  <message>Menu: Plato [id=1, plato=Patatas precio=6.0]</message>
</record>
<record>
  <date>2021-05-10T10:22:50.706253600Z</date>
  <millis>1620642170706</millis>
  <nanos>253600</nanos>
  <sequence>6</sequence>
  <logger>global</logger>
  <level>FINE</level>
  <class>jdbc.JDBCManager</class>
  <method>searchMenu</method>
  <thread>1</thread>
  <message>Menu: Plato [id=2, plato=Pasta precio=10.0]</message>
</record>
<record>
  <date>2021-05-10T10:22:50.707253300Z</date>
  <millis>1620642170707</millis>
  <nanos>253300</nanos>
  <sequence>7</sequence>
  <logger>global</logger>
  <level>FINE</level>
  <class>jdbc.JDBCManager</class>
  <method>searchMenu</method>
  <thread>1</thread>
  <message>Menu: Plato [id=3, plato=Pizza precio=10.0]</message>
</record>
<record>
  <date>2021-05-10T10:22:50.707253300Z</date>
  <millis>1620642170707</millis>
  <nanos>253300</nanos>
  <sequence>8</sequence>
  <logger>global</logger>
  <level>FINE</level>
  <class>jdbc.JDBCManager</class>
  <method>searchMenu</method>
  <thread>1</thread>
  <message>Menu: Plato [id=4, plato=Solomillo precio=15.0]</message>
</record>
<record>
  <date>2021-05-10T10:23:00.389933900Z</date>
  <millis>1620642180389</millis>
  <nanos>933900</nanos>
  <sequence>9</sequence>
  <logger>global</logger>
  <level>SEVERE</level>
  <class>jdbc.JDBCManager</class>
  <method>addPedido_Menu</method>
  <thread>1</thread>
  <message>Error al insertar el Pedido_Menu: 0 0</message>
</record>
</log>
