<?xml version="1.0" encoding="windows-1252" standalone="no"?>
<!DOCTYPE log SYSTEM "logger.dtd">
<log>
<record>
  <date>2021-05-05T14:52:17.213731Z</date>
  <millis>1620226337213</millis>
  <nanos>731000</nanos>
  <sequence>0</sequence>
  <logger>global</logger>
  <level>INFO</level>
  <class>logging.MyLogger</class>
  <method>setup</method>
  <thread>1</thread>
  <message>Logger is configured</message>
</record>
<record>
  <date>2021-05-05T14:52:17.876956200Z</date>
  <millis>1620226337876</millis>
  <nanos>956200</nanos>
  <sequence>1</sequence>
  <logger>global</logger>
  <level>INFO</level>
  <class>jdbc.JDBCManager</class>
  <method>connect</method>
  <thread>1</thread>
  <message>Se ha establecido la conexión con la BD</message>
</record>
<record>
  <date>2021-05-05T14:52:23.000595800Z</date>
  <millis>1620226343000</millis>
  <nanos>595800</nanos>
  <sequence>2</sequence>
  <logger>global</logger>
  <level>INFO</level>
  <class>interfaz.MenuCliente</class>
  <method>main</method>
  <thread>1</thread>
  <message>El usuario elige 1</message>
</record>
<record>
  <date>2021-05-05T14:52:37.201162400Z</date>
  <millis>1620226357201</millis>
  <nanos>162400</nanos>
  <sequence>3</sequence>
  <logger>global</logger>
  <level>INFO</level>
  <class>interfaz.MenuCliente</class>
  <method>main</method>
  <thread>1</thread>
  <message>El usuario elige 1</message>
</record>
<record>
  <date>2021-05-05T14:52:40.341896700Z</date>
  <millis>1620226360341</millis>
  <nanos>896700</nanos>
  <sequence>4</sequence>
  <logger>global</logger>
  <level>INFO</level>
  <class>interfaz.MenuCliente</class>
  <method>main</method>
  <thread>1</thread>
  <message>El usuario elige 4</message>
</record>
<record>
  <date>2021-05-05T14:52:57.351959500Z</date>
  <millis>1620226377351</millis>
  <nanos>959500</nanos>
  <sequence>5</sequence>
  <logger>global</logger>
  <level>INFO</level>
  <class>interfaz.MenuCliente</class>
  <method>main</method>
  <thread>1</thread>
  <message>El usuario elige 4</message>
</record>
<record>
  <date>2021-05-05T14:53:11.998412200Z</date>
  <millis>1620226391998</millis>
  <nanos>412200</nanos>
  <sequence>6</sequence>
  <logger>global</logger>
  <level>INFO</level>
  <class>interfaz.MenuCliente</class>
  <method>main</method>
  <thread>1</thread>
  <message>El usuario elige 3</message>
</record>
<record>
  <date>2021-05-05T14:53:13.956179Z</date>
  <millis>1620226393956</millis>
  <nanos>179000</nanos>
  <sequence>7</sequence>
  <logger>global</logger>
  <level>INFO</level>
  <class>interfaz.MenuCliente</class>
  <method>main</method>
  <thread>1</thread>
  <message>El usuario elige 3</message>
</record>
<record>
  <date>2021-05-05T14:53:16.561868100Z</date>
  <millis>1620226396561</millis>
  <nanos>868100</nanos>
  <sequence>8</sequence>
  <logger>global</logger>
  <level>INFO</level>
  <class>interfaz.MenuCliente</class>
  <method>main</method>
  <thread>1</thread>
  <message>El usuario elige 3</message>
</record>
<record>
  <date>2021-05-05T14:54:26.398223Z</date>
  <millis>1620226466398</millis>
  <nanos>223000</nanos>
  <sequence>9</sequence>
  <logger>global</logger>
  <level>WARNING</level>
  <class>interfaz.MenuCliente</class>
  <method>main</method>
  <thread>1</thread>
  <message>El usuario no ha introducido un número</message>
</record>
<record>
  <date>2021-05-05T14:54:26.409191700Z</date>
  <millis>1620226466409</millis>
  <nanos>191700</nanos>
  <sequence>10</sequence>
  <logger>global</logger>
  <level>WARNING</level>
  <class>interfaz.MenuCliente</class>
  <method>main</method>
  <thread>1</thread>
  <message>El usuario no ha introducido un número</message>
</record>
<record>
  <date>2021-05-05T14:54:26.410188Z</date>
  <millis>1620226466410</millis>
  <nanos>188000</nanos>
  <sequence>11</sequence>
  <logger>global</logger>
  <level>WARNING</level>
  <class>interfaz.MenuCliente</class>
  <method>main</method>
  <thread>1</thread>
  <message>El usuario no ha introducido un número</message>
</record>
<record>
  <date>2021-05-05T14:54:26.411185700Z</date>
  <millis>1620226466411</millis>
  <nanos>185700</nanos>
  <sequence>12</sequence>
  <logger>global</logger>
  <level>WARNING</level>
  <class>interfaz.MenuCliente</class>
  <method>main</method>
  <thread>1</thread>
  <message>El usuario no ha introducido un número</message>
</record>
<record>
  <date>2021-05-05T14:54:26.412183100Z</date>
  <millis>1620226466412</millis>
  <nanos>183100</nanos>
  <sequence>13</sequence>
  <logger>global</logger>
  <level>WARNING</level>
  <class>interfaz.MenuCliente</class>
  <method>main</method>
  <thread>1</thread>
  <message>El usuario no ha introducido un número</message>
</record>
<record>
  <date>2021-05-05T14:54:26.414177500Z</date>
  <millis>1620226466414</millis>
  <nanos>177500</nanos>
  <sequence>14</sequence>
  <logger>global</logger>
  <level>WARNING</level>
  <class>interfaz.MenuCliente</class>
  <method>main</method>
  <thread>1</thread>
  <message>El usuario no ha introducido un número</message>
</record>
<record>
  <date>2021-05-05T14:54:26.414177500Z</date>
  <millis>1620226466414</millis>
  <nanos>177500</nanos>
  <sequence>15</sequence>
  <logger>global</logger>
  <level>WARNING</level>
  <class>interfaz.MenuCliente</class>
  <method>main</method>
  <thread>1</thread>
  <message>El usuario no ha introducido un número</message>
</record>
<record>
  <date>2021-05-05T14:54:26.415174900Z</date>
  <millis>1620226466415</millis>
  <nanos>174900</nanos>
  <sequence>16</sequence>
  <logger>global</logger>
  <level>WARNING</level>
  <class>interfaz.MenuCliente</class>
  <method>main</method>
  <thread>1</thread>
  <message>El usuario no ha introducido un número</message>
</record>
<record>
  <date>2021-05-05T14:54:26.416172600Z</date>
  <millis>1620226466416</millis>
  <nanos>172600</nanos>
  <sequence>17</sequence>
  <logger>global</logger>
  <level>WARNING</level>
  <class>interfaz.MenuCliente</class>
  <method>main</method>
  <thread>1</thread>
  <message>El usuario no ha introducido un número</message>
</record>
<record>
  <date>2021-05-05T14:54:26.417169400Z</date>
  <millis>1620226466417</millis>
  <nanos>169400</nanos>
  <sequence>18</sequence>
  <logger>global</logger>
  <level>WARNING</level>
  <class>interfaz.MenuCliente</class>
  <method>main</method>
  <thread>1</thread>
  <message>El usuario no ha introducido un número</message>
</record>
