<?xml version="1.0" encoding="windows-1252" standalone="no"?>
<!DOCTYPE log SYSTEM "logger.dtd">
<log>
<record>
  <date>2021-05-10T09:42:31.297408500Z</date>
  <millis>1620639751297</millis>
  <nanos>408500</nanos>
  <sequence>0</sequence>
  <logger>global</logger>
  <level>INFO</level>
  <class>logging.MyLogger</class>
  <method>setup</method>
  <thread>1</thread>
  <message>Logger is configured</message>
</record>
<record>
  <date>2021-05-10T09:42:34.889271500Z</date>
  <millis>1620639754889</millis>
  <nanos>271500</nanos>
  <sequence>1</sequence>
  <logger>global</logger>
  <level>INFO</level>
  <class>jdbc.JDBCManager</class>
  <method>connect</method>
  <thread>1</thread>
  <message>Se ha establecido la conexión con la BD</message>
</record>
<record>
  <date>2021-05-10T09:42:39.525709Z</date>
  <millis>1620639759525</millis>
  <nanos>709000</nanos>
  <sequence>2</sequence>
  <logger>global</logger>
  <level>INFO</level>
  <class>interfaz.MenuServidor</class>
  <method>main</method>
  <thread>1</thread>
  <message>El usuario elige 14</message>
</record>
<record>
  <date>2021-05-10T09:42:48.891542800Z</date>
  <millis>1620639768891</millis>
  <nanos>542800</nanos>
  <sequence>3</sequence>
  <logger>global</logger>
  <level>INFO</level>
  <class>interfaz.MenuServidor</class>
  <method>main</method>
  <thread>1</thread>
  <message>El usuario elige 1</message>
</record>
<record>
  <date>2021-05-10T09:42:57.340398600Z</date>
  <millis>1620639777340</millis>
  <nanos>398600</nanos>
  <sequence>4</sequence>
  <logger>global</logger>
  <level>INFO</level>
  <class>interfaz.MenuServidor</class>
  <method>main</method>
  <thread>1</thread>
  <message>El usuario elige 2</message>
</record>
<record>
  <date>2021-05-10T09:42:57.341395900Z</date>
  <millis>1620639777341</millis>
  <nanos>395900</nanos>
  <sequence>5</sequence>
  <logger>global</logger>
  <level>FINE</level>
  <class>jdbc.JDBCManager</class>
  <method>searchEmpleados</method>
  <thread>1</thread>
  <message>Empleado: ID: 1  Nombre: Daniel  Cargo_id: 1   Sueldo: 1</message>
</record>
<record>
  <date>2021-05-10T09:43:04.606651700Z</date>
  <millis>1620639784606</millis>
  <nanos>651700</nanos>
  <sequence>6</sequence>
  <logger>global</logger>
  <level>INFO</level>
  <class>interfaz.MenuServidor</class>
  <method>main</method>
  <thread>1</thread>
  <message>El usuario elige 13</message>
</record>
<record>
  <date>2021-05-10T09:43:04.607648300Z</date>
  <millis>1620639784607</millis>
  <nanos>648300</nanos>
  <sequence>7</sequence>
  <logger>global</logger>
  <level>FINE</level>
  <class>jdbc.JDBCManager</class>
  <method>searchCargos</method>
  <thread>1</thread>
  <message>Cargo: ID: 1 Nombre: Informatico Jefe: 1</message>
</record>
<record>
  <date>2021-05-10T09:43:04.607648300Z</date>
  <millis>1620639784607</millis>
  <nanos>648300</nanos>
  <sequence>8</sequence>
  <logger>global</logger>
  <level>FINE</level>
  <class>jdbc.JDBCManager</class>
  <method>searchCargos</method>
  <thread>1</thread>
  <message>Cargo: ID: 2 Nombre: Cocinero Jefe: 2</message>
</record>
<record>
  <date>2021-05-10T09:43:04.608646400Z</date>
  <millis>1620639784608</millis>
  <nanos>646400</nanos>
  <sequence>9</sequence>
  <logger>global</logger>
  <level>FINE</level>
  <class>jdbc.JDBCManager</class>
  <method>searchCargos</method>
  <thread>1</thread>
  <message>Cargo: ID: 3 Nombre: Repartidor Jefe: 3</message>
</record>
<record>
  <date>2021-05-10T09:43:13.355900400Z</date>
  <millis>1620639793355</millis>
  <nanos>900400</nanos>
  <sequence>10</sequence>
  <logger>global</logger>
  <level>INFO</level>
  <class>interfaz.MenuServidor</class>
  <method>main</method>
  <thread>1</thread>
  <message>El usuario elige 11</message>
</record>
<record>
  <date>2021-05-10T09:43:13.356895600Z</date>
  <millis>1620639793356</millis>
  <nanos>895600</nanos>
  <sequence>11</sequence>
  <logger>global</logger>
  <level>FINE</level>
  <class>jdbc.JDBCManager</class>
  <method>searchJefes</method>
  <thread>1</thread>
  <message>Jefe: ID: 1 Nombre: Daniel</message>
</record>
<record>
  <date>2021-05-10T09:43:13.357893300Z</date>
  <millis>1620639793357</millis>
  <nanos>893300</nanos>
  <sequence>12</sequence>
  <logger>global</logger>
  <level>FINE</level>
  <class>jdbc.JDBCManager</class>
  <method>searchJefes</method>
  <thread>1</thread>
  <message>Jefe: ID: 2 Nombre: Alejandro</message>
</record>
<record>
  <date>2021-05-10T09:43:13.357893300Z</date>
  <millis>1620639793357</millis>
  <nanos>893300</nanos>
  <sequence>13</sequence>
  <logger>global</logger>
  <level>FINE</level>
  <class>jdbc.JDBCManager</class>
  <method>searchJefes</method>
  <thread>1</thread>
  <message>Jefe: ID: 3 Nombre: Ignacio</message>
</record>
<record>
  <date>2021-05-10T09:43:34.721086100Z</date>
  <millis>1620639814721</millis>
  <nanos>86100</nanos>
  <sequence>14</sequence>
  <logger>global</logger>
  <level>INFO</level>
  <class>interfaz.MenuServidor</class>
  <method>main</method>
  <thread>1</thread>
  <message>El usuario elige 8</message>
</record>
<record>
  <date>2021-05-10T09:43:34.724030800Z</date>
  <millis>1620639814724</millis>
  <nanos>30800</nanos>
  <sequence>15</sequence>
  <logger>global</logger>
  <level>FINE</level>
  <class>jdbc.JDBCManager</class>
  <method>searchMenu</method>
  <thread>1</thread>
  <message>Menu: Plato [id=1, plato=Patatas precio=6.0]</message>
</record>
<record>
  <date>2021-05-10T09:43:34.724030800Z</date>
  <millis>1620639814724</millis>
  <nanos>30800</nanos>
  <sequence>16</sequence>
  <logger>global</logger>
  <level>FINE</level>
  <class>jdbc.JDBCManager</class>
  <method>searchMenu</method>
  <thread>1</thread>
  <message>Menu: Plato [id=2, plato=Pasta precio=10.0]</message>
</record>
<record>
  <date>2021-05-10T09:43:34.725029800Z</date>
  <millis>1620639814725</millis>
  <nanos>29800</nanos>
  <sequence>17</sequence>
  <logger>global</logger>
  <level>FINE</level>
  <class>jdbc.JDBCManager</class>
  <method>searchMenu</method>
  <thread>1</thread>
  <message>Menu: Plato [id=3, plato=Pizza precio=10.0]</message>
</record>
<record>
  <date>2021-05-10T09:43:34.725029800Z</date>
  <millis>1620639814725</millis>
  <nanos>29800</nanos>
  <sequence>18</sequence>
  <logger>global</logger>
  <level>FINE</level>
  <class>jdbc.JDBCManager</class>
  <method>searchMenu</method>
  <thread>1</thread>
  <message>Menu: Plato [id=4, plato=Solomillo precio=15.0]</message>
</record>
<record>
  <date>2021-05-10T09:43:58.892848900Z</date>
  <millis>1620639838892</millis>
  <nanos>848900</nanos>
  <sequence>19</sequence>
  <logger>global</logger>
  <level>INFO</level>
  <class>interfaz.MenuServidor</class>
  <method>main</method>
  <thread>1</thread>
  <message>El usuario elige 4</message>
</record>
<record>
  <date>2021-05-10T09:44:09.479483200Z</date>
  <millis>1620639849479</millis>
  <nanos>483200</nanos>
  <sequence>20</sequence>
  <logger>global</logger>
  <level>INFO</level>
  <class>interfaz.MenuServidor</class>
  <method>main</method>
  <thread>1</thread>
  <message>El usuario elige 5</message>
</record>
<record>
  <date>2021-05-10T09:44:09.479483200Z</date>
  <millis>1620639849479</millis>
  <nanos>483200</nanos>
  <sequence>21</sequence>
  <logger>global</logger>
  <level>FINE</level>
  <class>jdbc.JDBCManager</class>
  <method>searchClientes</method>
  <thread>1</thread>
  <message>Cliente: ID: 1 Nombre: pedro Telefono: 1 Email: 1</message>
</record>
<record>
  <date>2021-05-10T09:45:11.042185400Z</date>
  <millis>1620639911042</millis>
  <nanos>185400</nanos>
  <sequence>22</sequence>
  <logger>global</logger>
  <level>WARNING</level>
  <class>interfaz.MenuServidor</class>
  <method>main</method>
  <thread>1</thread>
  <message>El usuario no ha introducido un número</message>
</record>
<record>
  <date>2021-05-10T09:45:11.056147Z</date>
  <millis>1620639911056</millis>
  <nanos>147000</nanos>
  <sequence>23</sequence>
  <logger>global</logger>
  <level>WARNING</level>
  <class>interfaz.MenuServidor</class>
  <method>main</method>
  <thread>1</thread>
  <message>El usuario no ha introducido un número</message>
</record>
<record>
  <date>2021-05-10T09:45:11.056147Z</date>
  <millis>1620639911056</millis>
  <nanos>147000</nanos>
  <sequence>24</sequence>
  <logger>global</logger>
  <level>WARNING</level>
  <class>interfaz.MenuServidor</class>
  <method>main</method>
  <thread>1</thread>
  <message>El usuario no ha introducido un número</message>
</record>
<record>
  <date>2021-05-10T09:45:11.057145700Z</date>
  <millis>1620639911057</millis>
  <nanos>145700</nanos>
  <sequence>25</sequence>
  <logger>global</logger>
  <level>WARNING</level>
  <class>interfaz.MenuServidor</class>
  <method>main</method>
  <thread>1</thread>
  <message>El usuario no ha introducido un número</message>
</record>
<record>
  <date>2021-05-10T09:45:11.059140100Z</date>
  <millis>1620639911059</millis>
  <nanos>140100</nanos>
  <sequence>26</sequence>
  <logger>global</logger>
  <level>WARNING</level>
  <class>interfaz.MenuServidor</class>
  <method>main</method>
  <thread>1</thread>
  <message>El usuario no ha introducido un número</message>
</record>
