<?xml version="1.0" encoding="windows-1252" standalone="no"?>
<!DOCTYPE log SYSTEM "logger.dtd">
<log>
<record>
  <date>2021-05-24T13:07:08.456358900Z</date>
  <millis>1621861628456</millis>
  <nanos>358900</nanos>
  <sequence>0</sequence>
  <logger>global</logger>
  <level>INFO</level>
  <class>logging.MyLogger</class>
  <method>setup</method>
  <thread>1</thread>
  <message>Logger is configured</message>
</record>
<record>
  <date>2021-05-24T13:07:17.688760400Z</date>
  <millis>1621861637688</millis>
  <nanos>760400</nanos>
  <sequence>1</sequence>
  <logger>global</logger>
  <level>INFO</level>
  <class>jdbc.JDBCManager</class>
  <method>connect</method>
  <thread>1</thread>
  <message>Se ha establecido la conexión con la BD</message>
</record>
<record>
  <date>2021-05-24T13:07:17.792603600Z</date>
  <millis>1621861637792</millis>
  <nanos>603600</nanos>
  <sequence>2</sequence>
  <logger>global</logger>
  <level>FINER</level>
  <class>ArchiveFactoryImpl</class>
  <method>createArchive</method>
  <thread>1</thread>
  <message>ENTRY file:/C:/Users/danie/OneDrive/Escritorio/CEU%20San%20Pablo/20-21/Segundo%20Cuatrimestre/Tratamiento%20de%20la%20Informaci%c3%b3n%20en%20Sistemas%20Distribuidos/Workspace/BasesDatosRestaurante/BaseDeDatosRestaurante/bin/ META-INF/persistence.xml</message>
</record>
<record>
  <date>2021-05-24T13:07:17.794599600Z</date>
  <millis>1621861637794</millis>
  <nanos>599600</nanos>
  <sequence>3</sequence>
  <logger>global</logger>
  <level>FINER</level>
  <class>ArchiveFactoryImpl</class>
  <method>createArchive</method>
  <thread>1</thread>
  <message>protocol = file</message>
</record>
<record>
  <date>2021-05-24T13:07:17.837484300Z</date>
  <millis>1621861637837</millis>
  <nanos>484300</nanos>
  <sequence>4</sequence>
  <logger>global</logger>
  <level>FINER</level>
  <class>DirectoryArchive</class>
  <method>DirectoryArchive</method>
  <thread>1</thread>
  <message>ENTRY C:\Users\danie\OneDrive\Escritorio\CEU San Pablo\20-21\Segundo Cuatrimestre\Tratamiento de la Información en Sistemas Distribuidos\Workspace\BasesDatosRestaurante\BaseDeDatosRestaurante\bin</message>
</record>
<record>
  <date>2021-05-24T13:07:17.838481500Z</date>
  <millis>1621861637838</millis>
  <nanos>481500</nanos>
  <sequence>5</sequence>
  <logger>global</logger>
  <level>FINER</level>
  <class>DirectoryArchive</class>
  <method>DirectoryArchive</method>
  <thread>1</thread>
  <message>rootURL = file:/C:/Users/danie/OneDrive/Escritorio/CEU%20San%20Pablo/20-21/Segundo%20Cuatrimestre/Tratamiento%20de%20la%20Información%20en%20Sistemas%20Distribuidos/Workspace/BasesDatosRestaurante/BaseDeDatosRestaurante/bin/</message>
</record>
<record>
  <date>2021-05-24T13:07:17.853441600Z</date>
  <millis>1621861637853</millis>
  <nanos>441600</nanos>
  <sequence>6</sequence>
  <logger>global</logger>
  <level>FINER</level>
  <class>ArchiveFactoryImpl</class>
  <method>createArchive</method>
  <thread>1</thread>
  <message>RETURN DirectoryArchive(file:/C:/Users/danie/OneDrive/Escritorio/CEU%20San%20Pablo/20-21/Segundo%20Cuatrimestre/Tratamiento%20de%20la%20Información%20en%20Sistemas%20Distribuidos/Workspace/BasesDatosRestaurante/BaseDeDatosRestaurante/bin/)</message>
</record>
<record>
  <date>2021-05-24T13:07:18.607423600Z</date>
  <millis>1621861638607</millis>
  <nanos>423600</nanos>
  <sequence>7</sequence>
  <logger>global</logger>
  <level>FINER</level>
  <class>ArchiveFactoryImpl</class>
  <method>createArchive</method>
  <thread>1</thread>
  <message>ENTRY file:/C:/Users/danie/OneDrive/Escritorio/CEU%20San%20Pablo/20-21/Segundo%20Cuatrimestre/Tratamiento%20de%20la%20Información%20en%20Sistemas%20Distribuidos/Workspace/BasesDatosRestaurante/BaseDeDatosRestaurante/bin/ null</message>
</record>
<record>
  <date>2021-05-24T13:07:18.608421800Z</date>
  <millis>1621861638608</millis>
  <nanos>421800</nanos>
  <sequence>8</sequence>
  <logger>global</logger>
  <level>FINER</level>
  <class>ArchiveFactoryImpl</class>
  <method>createArchive</method>
  <thread>1</thread>
  <message>protocol = file</message>
</record>
<record>
  <date>2021-05-24T13:07:18.608421800Z</date>
  <millis>1621861638608</millis>
  <nanos>421800</nanos>
  <sequence>9</sequence>
  <logger>global</logger>
  <level>FINER</level>
  <class>DirectoryArchive</class>
  <method>DirectoryArchive</method>
  <thread>1</thread>
  <message>ENTRY C:\Users\danie\OneDrive\Escritorio\CEU San Pablo\20-21\Segundo Cuatrimestre\Tratamiento de la Información en Sistemas Distribuidos\Workspace\BasesDatosRestaurante\BaseDeDatosRestaurante\bin</message>
</record>
<record>
  <date>2021-05-24T13:07:18.609607900Z</date>
  <millis>1621861638609</millis>
  <nanos>607900</nanos>
  <sequence>10</sequence>
  <logger>global</logger>
  <level>FINER</level>
  <class>DirectoryArchive</class>
  <method>DirectoryArchive</method>
  <thread>1</thread>
  <message>rootURL = file:/C:/Users/danie/OneDrive/Escritorio/CEU%20San%20Pablo/20-21/Segundo%20Cuatrimestre/Tratamiento%20de%20la%20Información%20en%20Sistemas%20Distribuidos/Workspace/BasesDatosRestaurante/BaseDeDatosRestaurante/bin/</message>
</record>
<record>
  <date>2021-05-24T13:07:18.617399400Z</date>
  <millis>1621861638617</millis>
  <nanos>399400</nanos>
  <sequence>11</sequence>
  <logger>global</logger>
  <level>FINER</level>
  <class>ArchiveFactoryImpl</class>
  <method>createArchive</method>
  <thread>1</thread>
  <message>RETURN DirectoryArchive(file:/C:/Users/danie/OneDrive/Escritorio/CEU%20San%20Pablo/20-21/Segundo%20Cuatrimestre/Tratamiento%20de%20la%20Información%20en%20Sistemas%20Distribuidos/Workspace/BasesDatosRestaurante/BaseDeDatosRestaurante/bin/)</message>
</record>
<record>
  <date>2021-05-24T13:07:18.618397400Z</date>
  <millis>1621861638618</millis>
  <nanos>397400</nanos>
  <sequence>12</sequence>
  <logger>global</logger>
  <level>FINER</level>
  <class>ArchiveFactoryImpl</class>
  <method>createArchive</method>
  <thread>1</thread>
  <message>ENTRY file:/C:/Users/danie/OneDrive/Escritorio/CEU%20San%20Pablo/20-21/Segundo%20Cuatrimestre/Tratamiento%20de%20la%20Información%20en%20Sistemas%20Distribuidos/Workspace/BasesDatosRestaurante/BaseDeDatosRestaurante/bin/ null</message>
</record>
<record>
  <date>2021-05-24T13:07:18.618397400Z</date>
  <millis>1621861638618</millis>
  <nanos>397400</nanos>
  <sequence>13</sequence>
  <logger>global</logger>
  <level>FINER</level>
  <class>ArchiveFactoryImpl</class>
  <method>createArchive</method>
  <thread>1</thread>
  <message>protocol = file</message>
</record>
<record>
  <date>2021-05-24T13:07:18.618895200Z</date>
  <millis>1621861638618</millis>
  <nanos>895200</nanos>
  <sequence>14</sequence>
  <logger>global</logger>
  <level>FINER</level>
  <class>DirectoryArchive</class>
  <method>DirectoryArchive</method>
  <thread>1</thread>
  <message>ENTRY C:\Users\danie\OneDrive\Escritorio\CEU San Pablo\20-21\Segundo Cuatrimestre\Tratamiento de la Información en Sistemas Distribuidos\Workspace\BasesDatosRestaurante\BaseDeDatosRestaurante\bin</message>
</record>
<record>
  <date>2021-05-24T13:07:18.619392500Z</date>
  <millis>1621861638619</millis>
  <nanos>392500</nanos>
  <sequence>15</sequence>
  <logger>global</logger>
  <level>FINER</level>
  <class>DirectoryArchive</class>
  <method>DirectoryArchive</method>
  <thread>1</thread>
  <message>rootURL = file:/C:/Users/danie/OneDrive/Escritorio/CEU%20San%20Pablo/20-21/Segundo%20Cuatrimestre/Tratamiento%20de%20la%20Información%20en%20Sistemas%20Distribuidos/Workspace/BasesDatosRestaurante/BaseDeDatosRestaurante/bin/</message>
</record>
<record>
  <date>2021-05-24T13:07:18.626372700Z</date>
  <millis>1621861638626</millis>
  <nanos>372700</nanos>
  <sequence>16</sequence>
  <logger>global</logger>
  <level>FINER</level>
  <class>ArchiveFactoryImpl</class>
  <method>createArchive</method>
  <thread>1</thread>
  <message>RETURN DirectoryArchive(file:/C:/Users/danie/OneDrive/Escritorio/CEU%20San%20Pablo/20-21/Segundo%20Cuatrimestre/Tratamiento%20de%20la%20Información%20en%20Sistemas%20Distribuidos/Workspace/BasesDatosRestaurante/BaseDeDatosRestaurante/bin/)</message>
</record>
<record>
  <date>2021-05-24T13:07:29.014906900Z</date>
  <millis>1621861649014</millis>
  <nanos>906900</nanos>
  <sequence>17</sequence>
  <logger>global</logger>
  <level>INFO</level>
  <class>interfaz.menu</class>
  <method>main</method>
  <thread>1</thread>
  <message>El usuario elige 1</message>
</record>
<record>
  <date>2021-05-24T13:07:43.214554600Z</date>
  <millis>1621861663214</millis>
  <nanos>554600</nanos>
  <sequence>18</sequence>
  <logger>global</logger>
  <level>INFO</level>
  <class>interfaz.menu</class>
  <method>registrarse</method>
  <thread>1</thread>
  <message>Usuario [id=null, email=pepe@mail.com, rol=Rol [id=2, nombre=admin]]</message>
</record>
<record>
  <date>2021-05-24T13:07:43.266084700Z</date>
  <millis>1621861663266</millis>
  <nanos>84700</nanos>
  <sequence>19</sequence>
  <logger>global</logger>
  <level>INFO</level>
  <class>interfaz.menu</class>
  <method>registrarse</method>
  <thread>1</thread>
  <message>Usuario [id=5, email=pepe@mail.com, rol=Rol [id=2, nombre=admin]]</message>
</record>
<record>
  <date>2021-05-24T13:07:48.701973200Z</date>
  <millis>1621861668701</millis>
  <nanos>973200</nanos>
  <sequence>20</sequence>
  <logger>global</logger>
  <level>INFO</level>
  <class>interfaz.menu</class>
  <method>main</method>
  <thread>1</thread>
  <message>El usuario elige 0</message>
</record>
</log>
