<?xml version="1.0" encoding="windows-1252" standalone="no"?>
<!DOCTYPE log SYSTEM "logger.dtd">
<log>
<record>
  <date>2021-05-10T11:52:04.755587400Z</date>
  <millis>1620647524755</millis>
  <nanos>587400</nanos>
  <sequence>0</sequence>
  <logger>global</logger>
  <level>INFO</level>
  <class>logging.MyLogger</class>
  <method>setup</method>
  <thread>1</thread>
  <message>Logger is configured</message>
</record>
<record>
  <date>2021-05-10T11:52:05.110366900Z</date>
  <millis>1620647525110</millis>
  <nanos>366900</nanos>
  <sequence>1</sequence>
  <logger>global</logger>
  <level>INFO</level>
  <class>jdbc.JDBCManager</class>
  <method>connect</method>
  <thread>1</thread>
  <message>Se ha establecido la conexión con la BD</message>
</record>
<record>
  <date>2021-05-10T11:52:15.603359Z</date>
  <millis>1620647535603</millis>
  <nanos>359000</nanos>
  <sequence>2</sequence>
  <logger>global</logger>
  <level>INFO</level>
  <class>interfaz.MenuCliente</class>
  <method>main</method>
  <thread>1</thread>
  <message>El usuario elige 1</message>
</record>
<record>
  <date>2021-05-10T11:52:34.760002600Z</date>
  <millis>1620647554760</millis>
  <nanos>2600</nanos>
  <sequence>3</sequence>
  <logger>global</logger>
  <level>INFO</level>
  <class>interfaz.MenuCliente</class>
  <method>main</method>
  <thread>1</thread>
  <message>El usuario elige 1</message>
</record>
<record>
  <date>2021-05-10T11:56:42.076446100Z</date>
  <millis>1620647802076</millis>
  <nanos>446100</nanos>
  <sequence>4</sequence>
  <logger>global</logger>
  <level>INFO</level>
  <class>interfaz.MenuCliente</class>
  <method>main</method>
  <thread>1</thread>
  <message>El usuario elige 4</message>
</record>
<record>
  <date>2021-05-10T11:56:42.081434400Z</date>
  <millis>1620647802081</millis>
  <nanos>434400</nanos>
  <sequence>5</sequence>
  <logger>global</logger>
  <level>FINE</level>
  <class>jdbc.JDBCManager</class>
  <method>searchMenu</method>
  <thread>1</thread>
  <message>Menu: Plato [id=1, plato=Patatas precio=6.0]</message>
</record>
<record>
  <date>2021-05-10T11:56:42.081434400Z</date>
  <millis>1620647802081</millis>
  <nanos>434400</nanos>
  <sequence>6</sequence>
  <logger>global</logger>
  <level>FINE</level>
  <class>jdbc.JDBCManager</class>
  <method>searchMenu</method>
  <thread>1</thread>
  <message>Menu: Plato [id=2, plato=Pasta precio=10.0]</message>
</record>
<record>
  <date>2021-05-10T11:56:42.082431300Z</date>
  <millis>1620647802082</millis>
  <nanos>431300</nanos>
  <sequence>7</sequence>
  <logger>global</logger>
  <level>FINE</level>
  <class>jdbc.JDBCManager</class>
  <method>searchMenu</method>
  <thread>1</thread>
  <message>Menu: Plato [id=3, plato=Pizza precio=10.0]</message>
</record>
<record>
  <date>2021-05-10T11:56:42.082431300Z</date>
  <millis>1620647802082</millis>
  <nanos>431300</nanos>
  <sequence>8</sequence>
  <logger>global</logger>
  <level>FINE</level>
  <class>jdbc.JDBCManager</class>
  <method>searchMenu</method>
  <thread>1</thread>
  <message>Menu: Plato [id=4, plato=Solomillo precio=15.0]</message>
</record>
<record>
  <date>2021-05-10T11:56:51.656843500Z</date>
  <millis>1620647811656</millis>
  <nanos>843500</nanos>
  <sequence>9</sequence>
  <logger>global</logger>
  <level>SEVERE</level>
  <class>jdbc.JDBCManager</class>
  <method>addPedido_Menu</method>
  <thread>1</thread>
  <message>Error al insertar el Pedido_Menu: 0 0</message>
</record>
</log>
