<?xml version="1.0" encoding="windows-1252" standalone="no"?>
<!DOCTYPE log SYSTEM "logger.dtd">
<log>
<record>
  <date>2021-05-19T08:27:44.554986600Z</date>
  <millis>1621412864554</millis>
  <nanos>986600</nanos>
  <sequence>24</sequence>
  <logger>global</logger>
  <level>INFO</level>
  <class>logging.MyLogger</class>
  <method>setup</method>
  <thread>1</thread>
  <message>Logger is configured</message>
</record>
<record>
  <date>2021-05-19T08:27:44.557978700Z</date>
  <millis>1621412864557</millis>
  <nanos>978700</nanos>
  <sequence>25</sequence>
  <logger>global</logger>
  <level>INFO</level>
  <class>jdbc.JDBCManager</class>
  <method>connect</method>
  <thread>1</thread>
  <message>Se ha establecido la conexión con la BD</message>
</record>
<record>
  <date>2021-05-19T08:27:46.005052600Z</date>
  <millis>1621412866005</millis>
  <nanos>52600</nanos>
  <sequence>26</sequence>
  <logger>global</logger>
  <level>INFO</level>
  <class>interfaz.MenuCliente</class>
  <method>main</method>
  <thread>1</thread>
  <message>El usuario elige 1</message>
</record>
<record>
  <date>2021-05-19T08:28:04.843034200Z</date>
  <millis>1621412884843</millis>
  <nanos>34200</nanos>
  <sequence>27</sequence>
  <logger>global</logger>
  <level>INFO</level>
  <class>interfaz.MenuCliente</class>
  <method>main</method>
  <thread>1</thread>
  <message>El usuario elige 2</message>
</record>
</log>
