<?xml version="1.0" encoding="windows-1252" standalone="no"?>
<!DOCTYPE log SYSTEM "logger.dtd">
<log>
<record>
  <date>2021-04-30T09:54:51.674205800Z</date>
  <millis>1619776491674</millis>
  <nanos>205800</nanos>
  <sequence>0</sequence>
  <logger>global</logger>
  <level>INFO</level>
  <class>logging.MyLogger</class>
  <method>setup</method>
  <thread>1</thread>
  <message>Logger is configured</message>
</record>
<record>
  <date>2021-04-30T09:54:58.037909400Z</date>
  <millis>1619776498037</millis>
  <nanos>909400</nanos>
  <sequence>1</sequence>
  <logger>global</logger>
  <level>INFO</level>
  <class>interfaz.MenuServidor</class>
  <method>main</method>
  <thread>1</thread>
  <message>El usuario elige 1</message>
</record>
<record>
  <date>2021-04-30T09:55:22.177101600Z</date>
  <millis>1619776522177</millis>
  <nanos>101600</nanos>
  <sequence>2</sequence>
  <logger>global</logger>
  <level>INFO</level>
  <class>interfaz.MenuServidor</class>
  <method>main</method>
  <thread>1</thread>
  <message>El usuario elige 2</message>
</record>
</log>
