<?xml version="1.0" encoding="windows-1252" standalone="no"?>
<!DOCTYPE log SYSTEM "logger.dtd">
<log>
<record>
  <date>2021-05-17T19:01:42.654549Z</date>
  <millis>1621278102654</millis>
  <nanos>549000</nanos>
  <sequence>0</sequence>
  <logger>global</logger>
  <level>INFO</level>
  <class>logging.MyLogger</class>
  <method>setup</method>
  <thread>1</thread>
  <message>Logger is configured</message>
</record>
<record>
  <date>2021-05-17T19:01:43.536590Z</date>
  <millis>1621278103536</millis>
  <nanos>590000</nanos>
  <sequence>1</sequence>
  <logger>global</logger>
  <level>INFO</level>
  <class>jdbc.JDBCManager</class>
  <method>connect</method>
  <thread>1</thread>
  <message>Se ha establecido la conexión con la BD</message>
</record>
<record>
  <date>2021-05-17T19:01:43.579749100Z</date>
  <millis>1621278103579</millis>
  <nanos>749100</nanos>
  <sequence>2</sequence>
  <logger>global</logger>
  <level>FINER</level>
  <class>ArchiveFactoryImpl</class>
  <method>createArchive</method>
  <thread>1</thread>
  <message>ENTRY file:/C:/Users/alex0/AppData/Roaming/SPB_Data/git/restaurante/BasesDatosRestaurante/BaseDeDatosRestaurante/bin/ META-INF/persistence.xml</message>
</record>
<record>
  <date>2021-05-17T19:01:43.581743700Z</date>
  <millis>1621278103581</millis>
  <nanos>743700</nanos>
  <sequence>3</sequence>
  <logger>global</logger>
  <level>FINER</level>
  <class>ArchiveFactoryImpl</class>
  <method>createArchive</method>
  <thread>1</thread>
  <message>protocol = file</message>
</record>
<record>
  <date>2021-05-17T19:01:43.591717400Z</date>
  <millis>1621278103591</millis>
  <nanos>717400</nanos>
  <sequence>4</sequence>
  <logger>global</logger>
  <level>FINER</level>
  <class>DirectoryArchive</class>
  <method>DirectoryArchive</method>
  <thread>1</thread>
  <message>ENTRY C:\Users\alex0\AppData\Roaming\SPB_Data\git\restaurante\BasesDatosRestaurante\BaseDeDatosRestaurante\bin</message>
</record>
<record>
  <date>2021-05-17T19:01:43.592715100Z</date>
  <millis>1621278103592</millis>
  <nanos>715100</nanos>
  <sequence>5</sequence>
  <logger>global</logger>
  <level>FINER</level>
  <class>DirectoryArchive</class>
  <method>DirectoryArchive</method>
  <thread>1</thread>
  <message>rootURL = file:/C:/Users/alex0/AppData/Roaming/SPB_Data/git/restaurante/BasesDatosRestaurante/BaseDeDatosRestaurante/bin/</message>
</record>
<record>
  <date>2021-05-17T19:01:43.598702100Z</date>
  <millis>1621278103598</millis>
  <nanos>702100</nanos>
  <sequence>6</sequence>
  <logger>global</logger>
  <level>FINER</level>
  <class>ArchiveFactoryImpl</class>
  <method>createArchive</method>
  <thread>1</thread>
  <message>RETURN DirectoryArchive(file:/C:/Users/alex0/AppData/Roaming/SPB_Data/git/restaurante/BasesDatosRestaurante/BaseDeDatosRestaurante/bin/)</message>
</record>
<record>
  <date>2021-05-17T19:01:43.951442Z</date>
  <millis>1621278103951</millis>
  <nanos>442000</nanos>
  <sequence>7</sequence>
  <logger>global</logger>
  <level>FINER</level>
  <class>ArchiveFactoryImpl</class>
  <method>createArchive</method>
  <thread>1</thread>
  <message>ENTRY file:/C:/Users/alex0/AppData/Roaming/SPB_Data/git/restaurante/BasesDatosRestaurante/BaseDeDatosRestaurante/bin/ null</message>
</record>
<record>
  <date>2021-05-17T19:01:43.951442Z</date>
  <millis>1621278103951</millis>
  <nanos>442000</nanos>
  <sequence>8</sequence>
  <logger>global</logger>
  <level>FINER</level>
  <class>ArchiveFactoryImpl</class>
  <method>createArchive</method>
  <thread>1</thread>
  <message>protocol = file</message>
</record>
<record>
  <date>2021-05-17T19:01:43.951442Z</date>
  <millis>1621278103951</millis>
  <nanos>442000</nanos>
  <sequence>9</sequence>
  <logger>global</logger>
  <level>FINER</level>
  <class>DirectoryArchive</class>
  <method>DirectoryArchive</method>
  <thread>1</thread>
  <message>ENTRY C:\Users\alex0\AppData\Roaming\SPB_Data\git\restaurante\BasesDatosRestaurante\BaseDeDatosRestaurante\bin</message>
</record>
<record>
  <date>2021-05-17T19:01:43.951442Z</date>
  <millis>1621278103951</millis>
  <nanos>442000</nanos>
  <sequence>10</sequence>
  <logger>global</logger>
  <level>FINER</level>
  <class>DirectoryArchive</class>
  <method>DirectoryArchive</method>
  <thread>1</thread>
  <message>rootURL = file:/C:/Users/alex0/AppData/Roaming/SPB_Data/git/restaurante/BasesDatosRestaurante/BaseDeDatosRestaurante/bin/</message>
</record>
<record>
  <date>2021-05-17T19:01:43.956428800Z</date>
  <millis>1621278103956</millis>
  <nanos>428800</nanos>
  <sequence>11</sequence>
  <logger>global</logger>
  <level>FINER</level>
  <class>ArchiveFactoryImpl</class>
  <method>createArchive</method>
  <thread>1</thread>
  <message>RETURN DirectoryArchive(file:/C:/Users/alex0/AppData/Roaming/SPB_Data/git/restaurante/BasesDatosRestaurante/BaseDeDatosRestaurante/bin/)</message>
</record>
<record>
  <date>2021-05-17T19:01:43.956428800Z</date>
  <millis>1621278103956</millis>
  <nanos>428800</nanos>
  <sequence>12</sequence>
  <logger>global</logger>
  <level>FINER</level>
  <class>ArchiveFactoryImpl</class>
  <method>createArchive</method>
  <thread>1</thread>
  <message>ENTRY file:/C:/Users/alex0/AppData/Roaming/SPB_Data/git/restaurante/BasesDatosRestaurante/BaseDeDatosRestaurante/bin/ null</message>
</record>
<record>
  <date>2021-05-17T19:01:43.956428800Z</date>
  <millis>1621278103956</millis>
  <nanos>428800</nanos>
  <sequence>13</sequence>
  <logger>global</logger>
  <level>FINER</level>
  <class>ArchiveFactoryImpl</class>
  <method>createArchive</method>
  <thread>1</thread>
  <message>protocol = file</message>
</record>
<record>
  <date>2021-05-17T19:01:43.957426100Z</date>
  <millis>1621278103957</millis>
  <nanos>426100</nanos>
  <sequence>14</sequence>
  <logger>global</logger>
  <level>FINER</level>
  <class>DirectoryArchive</class>
  <method>DirectoryArchive</method>
  <thread>1</thread>
  <message>ENTRY C:\Users\alex0\AppData\Roaming\SPB_Data\git\restaurante\BasesDatosRestaurante\BaseDeDatosRestaurante\bin</message>
</record>
<record>
  <date>2021-05-17T19:01:43.957426100Z</date>
  <millis>1621278103957</millis>
  <nanos>426100</nanos>
  <sequence>15</sequence>
  <logger>global</logger>
  <level>FINER</level>
  <class>DirectoryArchive</class>
  <method>DirectoryArchive</method>
  <thread>1</thread>
  <message>rootURL = file:/C:/Users/alex0/AppData/Roaming/SPB_Data/git/restaurante/BasesDatosRestaurante/BaseDeDatosRestaurante/bin/</message>
</record>
<record>
  <date>2021-05-17T19:01:43.961415200Z</date>
  <millis>1621278103961</millis>
  <nanos>415200</nanos>
  <sequence>16</sequence>
  <logger>global</logger>
  <level>FINER</level>
  <class>ArchiveFactoryImpl</class>
  <method>createArchive</method>
  <thread>1</thread>
  <message>RETURN DirectoryArchive(file:/C:/Users/alex0/AppData/Roaming/SPB_Data/git/restaurante/BasesDatosRestaurante/BaseDeDatosRestaurante/bin/)</message>
</record>
<record>
  <date>2021-05-17T19:01:51.166453100Z</date>
  <millis>1621278111166</millis>
  <nanos>453100</nanos>
  <sequence>17</sequence>
  <logger>global</logger>
  <level>INFO</level>
  <class>interfaz.menu</class>
  <method>main</method>
  <thread>1</thread>
  <message>El usuario elige 1</message>
</record>
<record>
  <date>2021-05-17T19:02:23.026897500Z</date>
  <millis>1621278143026</millis>
  <nanos>897500</nanos>
  <sequence>18</sequence>
  <logger>global</logger>
  <level>INFO</level>
  <class>interfaz.menu</class>
  <method>registrarse</method>
  <thread>1</thread>
  <message>Usuario [id=null, email=alex@usp.ceu, rol=Rol [id=2, nombre=admin]]</message>
</record>
<record>
  <date>2021-05-17T19:02:23.326393700Z</date>
  <millis>1621278143326</millis>
  <nanos>393700</nanos>
  <sequence>19</sequence>
  <logger>global</logger>
  <level>INFO</level>
  <class>interfaz.menu</class>
  <method>registrarse</method>
  <thread>1</thread>
  <message>Usuario [id=3, email=alex@usp.ceu, rol=Rol [id=2, nombre=admin]]</message>
</record>
<record>
  <date>2021-05-17T19:02:25.167150300Z</date>
  <millis>1621278145167</millis>
  <nanos>150300</nanos>
  <sequence>20</sequence>
  <logger>global</logger>
  <level>INFO</level>
  <class>interfaz.menu</class>
  <method>main</method>
  <thread>1</thread>
  <message>El usuario elige 2</message>
</record>
<record>
  <date>2021-05-17T19:02:35.476478100Z</date>
  <millis>1621278155476</millis>
  <nanos>478100</nanos>
  <sequence>21</sequence>
  <logger>global</logger>
  <level>INFO</level>
  <class>logging.MyLogger</class>
  <method>setup</method>
  <thread>1</thread>
  <message>Logger is configured</message>
</record>
<record>
  <date>2021-05-17T19:02:35.480464500Z</date>
  <millis>1621278155480</millis>
  <nanos>464500</nanos>
  <sequence>22</sequence>
  <logger>global</logger>
  <level>INFO</level>
  <class>jdbc.JDBCManager</class>
  <method>connect</method>
  <thread>1</thread>
  <message>Se ha establecido la conexión con la BD</message>
</record>
<record>
  <date>2021-05-17T19:02:53.935562700Z</date>
  <millis>1621278173935</millis>
  <nanos>562700</nanos>
  <sequence>23</sequence>
  <logger>global</logger>
  <level>WARNING</level>
  <class>interfaz.MenuServidor</class>
  <method>main</method>
  <thread>1</thread>
  <message>El usuario no ha introducido un número</message>
</record>
<record>
  <date>2021-05-17T19:02:53.959498800Z</date>
  <millis>1621278173959</millis>
  <nanos>498800</nanos>
  <sequence>24</sequence>
  <logger>global</logger>
  <level>WARNING</level>
  <class>interfaz.MenuServidor</class>
  <method>main</method>
  <thread>1</thread>
  <message>El usuario no ha introducido un número</message>
</record>
<record>
  <date>2021-05-17T19:02:53.963487700Z</date>
  <millis>1621278173963</millis>
  <nanos>487700</nanos>
  <sequence>25</sequence>
  <logger>global</logger>
  <level>WARNING</level>
  <class>interfaz.MenuServidor</class>
  <method>main</method>
  <thread>1</thread>
  <message>El usuario no ha introducido un número</message>
</record>
<record>
  <date>2021-05-17T19:02:53.967477500Z</date>
  <millis>1621278173967</millis>
  <nanos>477500</nanos>
  <sequence>26</sequence>
  <logger>global</logger>
  <level>WARNING</level>
  <class>interfaz.MenuServidor</class>
  <method>main</method>
  <thread>1</thread>
  <message>El usuario no ha introducido un número</message>
</record>
