<?xml version="1.0" encoding="windows-1252" standalone="no"?>
<!DOCTYPE log SYSTEM "logger.dtd">
<log>
<record>
  <date>2021-04-28T09:34:55.306160300Z</date>
  <millis>1619602495306</millis>
  <nanos>160300</nanos>
  <sequence>0</sequence>
  <logger>global</logger>
  <level>INFO</level>
  <class>logging.MyLogger</class>
  <method>setup</method>
  <thread>1</thread>
  <message>Logger is configured</message>
</record>
<record>
  <date>2021-04-28T09:34:55.314137900Z</date>
  <millis>1619602495314</millis>
  <nanos>137900</nanos>
  <sequence>1</sequence>
  <logger>global</logger>
  <level>SEVERE</level>
  <class>jdbc.JDBCManager</class>
  <method>connect</method>
  <thread>1</thread>
  <message>No se ha encontrado la clase org.sqlite.JDBC</message>
</record>
<record>
  <date>2021-04-28T10:22:41.002647Z</date>
  <millis>1619605361002</millis>
  <nanos>647000</nanos>
  <sequence>2</sequence>
  <logger>global</logger>
  <level>WARNING</level>
  <class>interfaz.MenuServidor</class>
  <method>main</method>
  <thread>1</thread>
  <message>El usuario no ha introducido un número</message>
</record>
<record>
  <date>2021-04-28T10:22:41.004642800Z</date>
  <millis>1619605361004</millis>
  <nanos>642800</nanos>
  <sequence>3</sequence>
  <logger>global</logger>
  <level>WARNING</level>
  <class>interfaz.MenuServidor</class>
  <method>main</method>
  <thread>1</thread>
  <message>El usuario no ha introducido un número</message>
</record>
<record>
  <date>2021-04-28T10:22:41.007634700Z</date>
  <millis>1619605361007</millis>
  <nanos>634700</nanos>
  <sequence>4</sequence>
  <logger>global</logger>
  <level>WARNING</level>
  <class>interfaz.MenuServidor</class>
  <method>main</method>
  <thread>1</thread>
  <message>El usuario no ha introducido un número</message>
</record>
<record>
  <date>2021-04-28T10:22:41.009629400Z</date>
  <millis>1619605361009</millis>
  <nanos>629400</nanos>
  <sequence>5</sequence>
  <logger>global</logger>
  <level>WARNING</level>
  <class>interfaz.MenuServidor</class>
  <method>main</method>
  <thread>1</thread>
  <message>El usuario no ha introducido un número</message>
</record>
<record>
  <date>2021-04-28T10:22:41.012620200Z</date>
  <millis>1619605361012</millis>
  <nanos>620200</nanos>
  <sequence>6</sequence>
  <logger>global</logger>
  <level>WARNING</level>
  <class>interfaz.MenuServidor</class>
  <method>main</method>
  <thread>1</thread>
  <message>El usuario no ha introducido un número</message>
</record>
<record>
  <date>2021-04-28T10:22:41.014614900Z</date>
  <millis>1619605361014</millis>
  <nanos>614900</nanos>
  <sequence>7</sequence>
  <logger>global</logger>
  <level>WARNING</level>
  <class>interfaz.MenuServidor</class>
  <method>main</method>
  <thread>1</thread>
  <message>El usuario no ha introducido un número</message>
</record>
<record>
  <date>2021-04-28T10:22:41.015613500Z</date>
  <millis>1619605361015</millis>
  <nanos>613500</nanos>
  <sequence>8</sequence>
  <logger>global</logger>
  <level>WARNING</level>
  <class>interfaz.MenuServidor</class>
  <method>main</method>
  <thread>1</thread>
  <message>El usuario no ha introducido un número</message>
</record>
<record>
  <date>2021-04-28T10:22:41.017608200Z</date>
  <millis>1619605361017</millis>
  <nanos>608200</nanos>
  <sequence>9</sequence>
  <logger>global</logger>
  <level>WARNING</level>
  <class>interfaz.MenuServidor</class>
  <method>main</method>
  <thread>1</thread>
  <message>El usuario no ha introducido un número</message>
</record>
<record>
  <date>2021-04-28T10:22:41.018605500Z</date>
  <millis>1619605361018</millis>
  <nanos>605500</nanos>
  <sequence>10</sequence>
  <logger>global</logger>
  <level>WARNING</level>
  <class>interfaz.MenuServidor</class>
  <method>main</method>
  <thread>1</thread>
  <message>El usuario no ha introducido un número</message>
</record>
<record>
  <date>2021-04-28T10:22:41.021601900Z</date>
  <millis>1619605361021</millis>
  <nanos>601900</nanos>
  <sequence>11</sequence>
  <logger>global</logger>
  <level>WARNING</level>
  <class>interfaz.MenuServidor</class>
  <method>main</method>
  <thread>1</thread>
  <message>El usuario no ha introducido un número</message>
</record>
<record>
  <date>2021-04-28T10:22:41.037558300Z</date>
  <millis>1619605361037</millis>
  <nanos>558300</nanos>
  <sequence>12</sequence>
  <logger>global</logger>
  <level>WARNING</level>
  <class>interfaz.MenuServidor</class>
  <method>main</method>
  <thread>1</thread>
  <message>El usuario no ha introducido un número</message>
</record>
<record>
  <date>2021-04-28T10:22:41.046532800Z</date>
  <millis>1619605361046</millis>
  <nanos>532800</nanos>
  <sequence>13</sequence>
  <logger>global</logger>
  <level>WARNING</level>
  <class>interfaz.MenuServidor</class>
  <method>main</method>
  <thread>1</thread>
  <message>El usuario no ha introducido un número</message>
</record>
<record>
  <date>2021-04-28T10:22:41.051519900Z</date>
  <millis>1619605361051</millis>
  <nanos>519900</nanos>
  <sequence>14</sequence>
  <logger>global</logger>
  <level>WARNING</level>
  <class>interfaz.MenuServidor</class>
  <method>main</method>
  <thread>1</thread>
  <message>El usuario no ha introducido un número</message>
</record>
