<?xml version="1.0" encoding="windows-1252" standalone="no"?>
<!DOCTYPE log SYSTEM "logger.dtd">
<log>
<record>
  <date>2021-04-29T15:25:47.975280300Z</date>
  <millis>1619709947975</millis>
  <nanos>280300</nanos>
  <sequence>0</sequence>
  <logger>global</logger>
  <level>INFO</level>
  <class>logging.MyLogger</class>
  <method>setup</method>
  <thread>1</thread>
  <message>Logger is configured</message>
</record>
<record>
  <date>2021-04-29T15:25:48.974504Z</date>
  <millis>1619709948974</millis>
  <nanos>504000</nanos>
  <sequence>1</sequence>
  <logger>global</logger>
  <level>INFO</level>
  <class>jdbc.Conexion</class>
  <method>connectar</method>
  <thread>1</thread>
  <message>Se ha establecido la conexión con la BD</message>
</record>
