<?xml version="1.0" encoding="windows-1252" standalone="no"?>
<!DOCTYPE log SYSTEM "logger.dtd">
<log>
<record>
  <date>2021-04-28T09:46:36.239508100Z</date>
  <millis>1619603196239</millis>
  <nanos>508100</nanos>
  <sequence>0</sequence>
  <logger>global</logger>
  <level>INFO</level>
  <class>logging.MyLogger</class>
  <method>setup</method>
  <thread>1</thread>
  <message>Logger is configured</message>
</record>
<record>
  <date>2021-04-28T09:46:36.942713Z</date>
  <millis>1619603196942</millis>
  <nanos>713000</nanos>
  <sequence>1</sequence>
  <logger>global</logger>
  <level>INFO</level>
  <class>jdbc.JDBCManager</class>
  <method>connect</method>
  <thread>1</thread>
  <message>Se ha establecido la conexión con la BD</message>
</record>
<record>
  <date>2021-04-28T09:46:45.725807900Z</date>
  <millis>1619603205725</millis>
  <nanos>807900</nanos>
  <sequence>2</sequence>
  <logger>global</logger>
  <level>INFO</level>
  <class>interfaz.MenuServidor</class>
  <method>main</method>
  <thread>1</thread>
  <message>El usuario elige 1</message>
</record>
<record>
  <date>2021-04-28T09:47:03.425223800Z</date>
  <millis>1619603223425</millis>
  <nanos>223800</nanos>
  <sequence>3</sequence>
  <logger>global</logger>
  <level>INFO</level>
  <class>interfaz.MenuServidor</class>
  <method>main</method>
  <thread>1</thread>
  <message>El usuario elige 2</message>
</record>
<record>
  <date>2021-04-28T09:47:03.426179200Z</date>
  <millis>1619603223426</millis>
  <nanos>179200</nanos>
  <sequence>4</sequence>
  <logger>global</logger>
  <level>FINE</level>
  <class>jdbc.JDBCManager</class>
  <method>searchEmpleados</method>
  <thread>1</thread>
  <message>Empleado: ID: 1  Nombre: rrrrr  Cargo_id: 22   Sueldo: 3333</message>
</record>
<record>
  <date>2021-04-28T09:47:03.427176300Z</date>
  <millis>1619603223427</millis>
  <nanos>176300</nanos>
  <sequence>5</sequence>
  <logger>global</logger>
  <level>FINE</level>
  <class>jdbc.JDBCManager</class>
  <method>searchEmpleados</method>
  <thread>1</thread>
  <message>Empleado: ID: 2  Nombre: Jorge  Cargo_id: 1   Sueldo: 1222</message>
</record>
<record>
  <date>2021-04-28T09:47:16.411544400Z</date>
  <millis>1619603236411</millis>
  <nanos>544400</nanos>
  <sequence>6</sequence>
  <logger>global</logger>
  <level>INFO</level>
  <class>interfaz.MenuServidor</class>
  <method>main</method>
  <thread>1</thread>
  <message>El usuario elige 3</message>
</record>
<record>
  <date>2021-04-28T09:47:16.412696200Z</date>
  <millis>1619603236412</millis>
  <nanos>696200</nanos>
  <sequence>7</sequence>
  <logger>global</logger>
  <level>FINE</level>
  <class>jdbc.JDBCManager</class>
  <method>searchEmpleados</method>
  <thread>1</thread>
  <message>Empleado: ID: 1  Nombre: rrrrr  Cargo_id: 22   Sueldo: 3333</message>
</record>
<record>
  <date>2021-04-28T09:47:16.412696200Z</date>
  <millis>1619603236412</millis>
  <nanos>696200</nanos>
  <sequence>8</sequence>
  <logger>global</logger>
  <level>FINE</level>
  <class>jdbc.JDBCManager</class>
  <method>searchEmpleados</method>
  <thread>1</thread>
  <message>Empleado: ID: 2  Nombre: Jorge  Cargo_id: 1   Sueldo: 1222</message>
</record>
<record>
  <date>2021-04-28T09:47:22.203708400Z</date>
  <millis>1619603242203</millis>
  <nanos>708400</nanos>
  <sequence>9</sequence>
  <logger>global</logger>
  <level>INFO</level>
  <class>interfaz.MenuServidor</class>
  <method>main</method>
  <thread>1</thread>
  <message>El usuario elige 2</message>
</record>
<record>
  <date>2021-04-28T09:47:22.204664500Z</date>
  <millis>1619603242204</millis>
  <nanos>664500</nanos>
  <sequence>10</sequence>
  <logger>global</logger>
  <level>FINE</level>
  <class>jdbc.JDBCManager</class>
  <method>searchEmpleados</method>
  <thread>1</thread>
  <message>Empleado: ID: 1  Nombre: rrrrr  Cargo_id: 22   Sueldo: 3333</message>
</record>
<record>
  <date>2021-04-28T09:47:22.204664500Z</date>
  <millis>1619603242204</millis>
  <nanos>664500</nanos>
  <sequence>11</sequence>
  <logger>global</logger>
  <level>FINE</level>
  <class>jdbc.JDBCManager</class>
  <method>searchEmpleados</method>
  <thread>1</thread>
  <message>Empleado: ID: 2  Nombre: Jorge  Cargo_id: 1   Sueldo: 1222</message>
</record>
<record>
  <date>2021-04-28T09:47:25.536460900Z</date>
  <millis>1619603245536</millis>
  <nanos>460900</nanos>
  <sequence>12</sequence>
  <logger>global</logger>
  <level>WARNING</level>
  <class>interfaz.MenuServidor</class>
  <method>main</method>
  <thread>1</thread>
  <message>El usuario no ha introducido un número</message>
</record>
<record>
  <date>2021-04-28T10:22:41.172194600Z</date>
  <millis>1619605361172</millis>
  <nanos>194600</nanos>
  <sequence>13</sequence>
  <logger>global</logger>
  <level>WARNING</level>
  <class>interfaz.MenuServidor</class>
  <method>main</method>
  <thread>1</thread>
  <message>El usuario no ha introducido un número</message>
</record>
<record>
  <date>2021-04-28T10:22:41.174189Z</date>
  <millis>1619605361174</millis>
  <nanos>189000</nanos>
  <sequence>14</sequence>
  <logger>global</logger>
  <level>WARNING</level>
  <class>interfaz.MenuServidor</class>
  <method>main</method>
  <thread>1</thread>
  <message>El usuario no ha introducido un número</message>
</record>
<record>
  <date>2021-04-28T10:22:41.176183900Z</date>
  <millis>1619605361176</millis>
  <nanos>183900</nanos>
  <sequence>15</sequence>
  <logger>global</logger>
  <level>WARNING</level>
  <class>interfaz.MenuServidor</class>
  <method>main</method>
  <thread>1</thread>
  <message>El usuario no ha introducido un número</message>
</record>
<record>
  <date>2021-04-28T10:22:41.193143700Z</date>
  <millis>1619605361193</millis>
  <nanos>143700</nanos>
  <sequence>16</sequence>
  <logger>global</logger>
  <level>WARNING</level>
  <class>interfaz.MenuServidor</class>
  <method>main</method>
  <thread>1</thread>
  <message>El usuario no ha introducido un número</message>
</record>
<record>
  <date>2021-04-28T10:22:41.200120600Z</date>
  <millis>1619605361200</millis>
  <nanos>120600</nanos>
  <sequence>17</sequence>
  <logger>global</logger>
  <level>WARNING</level>
  <class>interfaz.MenuServidor</class>
  <method>main</method>
  <thread>1</thread>
  <message>El usuario no ha introducido un número</message>
</record>
<record>
  <date>2021-04-28T10:22:41.206103100Z</date>
  <millis>1619605361206</millis>
  <nanos>103100</nanos>
  <sequence>18</sequence>
  <logger>global</logger>
  <level>WARNING</level>
  <class>interfaz.MenuServidor</class>
  <method>main</method>
  <thread>1</thread>
  <message>El usuario no ha introducido un número</message>
</record>
<record>
  <date>2021-04-28T10:22:41.210092100Z</date>
  <millis>1619605361210</millis>
  <nanos>92100</nanos>
  <sequence>19</sequence>
  <logger>global</logger>
  <level>WARNING</level>
  <class>interfaz.MenuServidor</class>
  <method>main</method>
  <thread>1</thread>
  <message>El usuario no ha introducido un número</message>
</record>
<record>
  <date>2021-04-28T10:22:41.213084400Z</date>
  <millis>1619605361213</millis>
  <nanos>84400</nanos>
  <sequence>20</sequence>
  <logger>global</logger>
  <level>WARNING</level>
  <class>interfaz.MenuServidor</class>
  <method>main</method>
  <thread>1</thread>
  <message>El usuario no ha introducido un número</message>
</record>
<record>
  <date>2021-04-28T10:22:41.216076400Z</date>
  <millis>1619605361216</millis>
  <nanos>76400</nanos>
  <sequence>21</sequence>
  <logger>global</logger>
  <level>WARNING</level>
  <class>interfaz.MenuServidor</class>
  <method>main</method>
  <thread>1</thread>
  <message>El usuario no ha introducido un número</message>
</record>
