<?xml version="1.0" encoding="windows-1252" standalone="no"?>
<!DOCTYPE log SYSTEM "logger.dtd">
<log>
<record>
  <date>2021-05-10T10:03:03.691773800Z</date>
  <millis>1620640983691</millis>
  <nanos>773800</nanos>
  <sequence>0</sequence>
  <logger>global</logger>
  <level>INFO</level>
  <class>logging.MyLogger</class>
  <method>setup</method>
  <thread>1</thread>
  <message>Logger is configured</message>
</record>
<record>
  <date>2021-05-10T10:03:03.976967600Z</date>
  <millis>1620640983976</millis>
  <nanos>967600</nanos>
  <sequence>1</sequence>
  <logger>global</logger>
  <level>INFO</level>
  <class>jdbc.JDBCManager</class>
  <method>connect</method>
  <thread>1</thread>
  <message>Se ha establecido la conexión con la BD</message>
</record>
<record>
  <date>2021-05-10T10:03:07.022615Z</date>
  <millis>1620640987022</millis>
  <nanos>615000</nanos>
  <sequence>2</sequence>
  <logger>global</logger>
  <level>INFO</level>
  <class>interfaz.MenuServidor</class>
  <method>main</method>
  <thread>1</thread>
  <message>El usuario elige 7</message>
</record>
<record>
  <date>2021-05-10T10:03:46.937717400Z</date>
  <millis>1620641026937</millis>
  <nanos>717400</nanos>
  <sequence>3</sequence>
  <logger>global</logger>
  <level>SEVERE</level>
  <class>jdbc.JDBCManager</class>
  <method>addPedido</method>
  <thread>1</thread>
  <message>Error al insertar el pedido: ID: 0 Cliente_id: 1Coste: 10.0Direccion: aHora: 2021-05-10Repartidor: 3
</message>
</record>
<record>
  <date>2021-05-10T11:09:56.303762900Z</date>
  <millis>1620644996303</millis>
  <nanos>762900</nanos>
  <sequence>4</sequence>
  <logger>global</logger>
  <level>WARNING</level>
  <class>interfaz.MenuServidor</class>
  <method>main</method>
  <thread>1</thread>
  <message>El usuario no ha introducido un número</message>
</record>
<record>
  <date>2021-05-10T11:09:56.305757400Z</date>
  <millis>1620644996305</millis>
  <nanos>757400</nanos>
  <sequence>5</sequence>
  <logger>global</logger>
  <level>WARNING</level>
  <class>interfaz.MenuServidor</class>
  <method>main</method>
  <thread>1</thread>
  <message>El usuario no ha introducido un número</message>
</record>
<record>
  <date>2021-05-10T11:09:56.306755400Z</date>
  <millis>1620644996306</millis>
  <nanos>755400</nanos>
  <sequence>6</sequence>
  <logger>global</logger>
  <level>WARNING</level>
  <class>interfaz.MenuServidor</class>
  <method>main</method>
  <thread>1</thread>
  <message>El usuario no ha introducido un número</message>
</record>
<record>
  <date>2021-05-10T11:09:56.309746200Z</date>
  <millis>1620644996309</millis>
  <nanos>746200</nanos>
  <sequence>7</sequence>
  <logger>global</logger>
  <level>WARNING</level>
  <class>interfaz.MenuServidor</class>
  <method>main</method>
  <thread>1</thread>
  <message>El usuario no ha introducido un número</message>
</record>
<record>
  <date>2021-05-10T11:09:56.311741600Z</date>
  <millis>1620644996311</millis>
  <nanos>741600</nanos>
  <sequence>8</sequence>
  <logger>global</logger>
  <level>WARNING</level>
  <class>interfaz.MenuServidor</class>
  <method>main</method>
  <thread>1</thread>
  <message>El usuario no ha introducido un número</message>
</record>
<record>
  <date>2021-05-10T11:09:56.313737400Z</date>
  <millis>1620644996313</millis>
  <nanos>737400</nanos>
  <sequence>9</sequence>
  <logger>global</logger>
  <level>WARNING</level>
  <class>interfaz.MenuServidor</class>
  <method>main</method>
  <thread>1</thread>
  <message>El usuario no ha introducido un número</message>
</record>
<record>
  <date>2021-05-10T11:09:56.316728800Z</date>
  <millis>1620644996316</millis>
  <nanos>728800</nanos>
  <sequence>10</sequence>
  <logger>global</logger>
  <level>WARNING</level>
  <class>interfaz.MenuServidor</class>
  <method>main</method>
  <thread>1</thread>
  <message>El usuario no ha introducido un número</message>
</record>
<record>
  <date>2021-05-10T11:09:56.318722500Z</date>
  <millis>1620644996318</millis>
  <nanos>722500</nanos>
  <sequence>11</sequence>
  <logger>global</logger>
  <level>WARNING</level>
  <class>interfaz.MenuServidor</class>
  <method>main</method>
  <thread>1</thread>
  <message>El usuario no ha introducido un número</message>
</record>
<record>
  <date>2021-05-10T11:09:56.320717200Z</date>
  <millis>1620644996320</millis>
  <nanos>717200</nanos>
  <sequence>12</sequence>
  <logger>global</logger>
  <level>WARNING</level>
  <class>interfaz.MenuServidor</class>
  <method>main</method>
  <thread>1</thread>
  <message>El usuario no ha introducido un número</message>
</record>
<record>
  <date>2021-05-10T11:09:56.322712300Z</date>
  <millis>1620644996322</millis>
  <nanos>712300</nanos>
  <sequence>13</sequence>
  <logger>global</logger>
  <level>WARNING</level>
  <class>interfaz.MenuServidor</class>
  <method>main</method>
  <thread>1</thread>
  <message>El usuario no ha introducido un número</message>
</record>
<record>
  <date>2021-05-10T11:09:56.324707100Z</date>
  <millis>1620644996324</millis>
  <nanos>707100</nanos>
  <sequence>14</sequence>
  <logger>global</logger>
  <level>WARNING</level>
  <class>interfaz.MenuServidor</class>
  <method>main</method>
  <thread>1</thread>
  <message>El usuario no ha introducido un número</message>
</record>
<record>
  <date>2021-05-10T11:09:56.326700700Z</date>
  <millis>1620644996326</millis>
  <nanos>700700</nanos>
  <sequence>15</sequence>
  <logger>global</logger>
  <level>WARNING</level>
  <class>interfaz.MenuServidor</class>
  <method>main</method>
  <thread>1</thread>
  <message>El usuario no ha introducido un número</message>
</record>
