<?xml version="1.0" encoding="windows-1252" standalone="no"?>
<!DOCTYPE log SYSTEM "logger.dtd">
<log>
<record>
  <date>2021-05-04T13:59:50.097014700Z</date>
  <millis>1620136790097</millis>
  <nanos>14700</nanos>
  <sequence>0</sequence>
  <logger>global</logger>
  <level>INFO</level>
  <class>logging.MyLogger</class>
  <method>setup</method>
  <thread>1</thread>
  <message>Logger is configured</message>
</record>
<record>
  <date>2021-05-04T13:59:50.924802400Z</date>
  <millis>1620136790924</millis>
  <nanos>802400</nanos>
  <sequence>1</sequence>
  <logger>global</logger>
  <level>INFO</level>
  <class>jdbc.JDBCManager</class>
  <method>connect</method>
  <thread>1</thread>
  <message>Se ha establecido la conexión con la BD</message>
</record>
<record>
  <date>2021-05-04T14:00:00.192666600Z</date>
  <millis>1620136800192</millis>
  <nanos>666600</nanos>
  <sequence>2</sequence>
  <logger>global</logger>
  <level>INFO</level>
  <class>interfaz.MenuServidor</class>
  <method>main</method>
  <thread>1</thread>
  <message>El usuario elige 11</message>
</record>
<record>
  <date>2021-05-04T14:00:05.532973100Z</date>
  <millis>1620136805532</millis>
  <nanos>973100</nanos>
  <sequence>3</sequence>
  <logger>global</logger>
  <level>WARNING</level>
  <class>interfaz.MenuServidor</class>
  <method>main</method>
  <thread>1</thread>
  <message>El usuario no ha introducido un número</message>
</record>
<record>
  <date>2021-05-04T14:00:05.554871100Z</date>
  <millis>1620136805554</millis>
  <nanos>871100</nanos>
  <sequence>4</sequence>
  <logger>global</logger>
  <level>WARNING</level>
  <class>interfaz.MenuServidor</class>
  <method>main</method>
  <thread>1</thread>
  <message>El usuario no ha introducido un número</message>
</record>
<record>
  <date>2021-05-04T14:00:05.559857500Z</date>
  <millis>1620136805559</millis>
  <nanos>857500</nanos>
  <sequence>5</sequence>
  <logger>global</logger>
  <level>WARNING</level>
  <class>interfaz.MenuServidor</class>
  <method>main</method>
  <thread>1</thread>
  <message>El usuario no ha introducido un número</message>
</record>
<record>
  <date>2021-05-04T14:00:05.562849Z</date>
  <millis>1620136805562</millis>
  <nanos>849000</nanos>
  <sequence>6</sequence>
  <logger>global</logger>
  <level>WARNING</level>
  <class>interfaz.MenuServidor</class>
  <method>main</method>
  <thread>1</thread>
  <message>El usuario no ha introducido un número</message>
</record>
