<?xml version="1.0" encoding="windows-1252" standalone="no"?>
<!DOCTYPE log SYSTEM "logger.dtd">
<log>
<record>
  <date>2021-05-10T11:14:41.124486Z</date>
  <millis>1620645281124</millis>
  <nanos>486000</nanos>
  <sequence>0</sequence>
  <logger>global</logger>
  <level>INFO</level>
  <class>logging.MyLogger</class>
  <method>setup</method>
  <thread>1</thread>
  <message>Logger is configured</message>
</record>
<record>
  <date>2021-05-10T11:14:41.416915700Z</date>
  <millis>1620645281416</millis>
  <nanos>915700</nanos>
  <sequence>1</sequence>
  <logger>global</logger>
  <level>INFO</level>
  <class>jdbc.JDBCManager</class>
  <method>connect</method>
  <thread>1</thread>
  <message>Se ha establecido la conexión con la BD</message>
</record>
<record>
  <date>2021-05-10T11:14:48.660650500Z</date>
  <millis>1620645288660</millis>
  <nanos>650500</nanos>
  <sequence>2</sequence>
  <logger>global</logger>
  <level>WARNING</level>
  <class>interfaz.MenuCliente</class>
  <method>main</method>
  <thread>1</thread>
  <message>El usuario no ha introducido un número</message>
</record>
<record>
  <date>2021-05-10T11:14:48.674622900Z</date>
  <millis>1620645288674</millis>
  <nanos>622900</nanos>
  <sequence>3</sequence>
  <logger>global</logger>
  <level>WARNING</level>
  <class>interfaz.MenuCliente</class>
  <method>main</method>
  <thread>1</thread>
  <message>El usuario no ha introducido un número</message>
</record>
<record>
  <date>2021-05-10T11:14:48.675622Z</date>
  <millis>1620645288675</millis>
  <nanos>622000</nanos>
  <sequence>4</sequence>
  <logger>global</logger>
  <level>WARNING</level>
  <class>interfaz.MenuCliente</class>
  <method>main</method>
  <thread>1</thread>
  <message>El usuario no ha introducido un número</message>
</record>
<record>
  <date>2021-05-10T11:14:48.677614300Z</date>
  <millis>1620645288677</millis>
  <nanos>614300</nanos>
  <sequence>5</sequence>
  <logger>global</logger>
  <level>WARNING</level>
  <class>interfaz.MenuCliente</class>
  <method>main</method>
  <thread>1</thread>
  <message>El usuario no ha introducido un número</message>
</record>
<record>
  <date>2021-05-10T11:14:48.678611900Z</date>
  <millis>1620645288678</millis>
  <nanos>611900</nanos>
  <sequence>6</sequence>
  <logger>global</logger>
  <level>WARNING</level>
  <class>interfaz.MenuCliente</class>
  <method>main</method>
  <thread>1</thread>
  <message>El usuario no ha introducido un número</message>
</record>
<record>
  <date>2021-05-10T11:14:48.679609300Z</date>
  <millis>1620645288679</millis>
  <nanos>609300</nanos>
  <sequence>7</sequence>
  <logger>global</logger>
  <level>WARNING</level>
  <class>interfaz.MenuCliente</class>
  <method>main</method>
  <thread>1</thread>
  <message>El usuario no ha introducido un número</message>
</record>
<record>
  <date>2021-05-10T11:14:48.681603200Z</date>
  <millis>1620645288681</millis>
  <nanos>603200</nanos>
  <sequence>8</sequence>
  <logger>global</logger>
  <level>WARNING</level>
  <class>interfaz.MenuCliente</class>
  <method>main</method>
  <thread>1</thread>
  <message>El usuario no ha introducido un número</message>
</record>
<record>
  <date>2021-05-10T11:14:48.682600600Z</date>
  <millis>1620645288682</millis>
  <nanos>600600</nanos>
  <sequence>9</sequence>
  <logger>global</logger>
  <level>WARNING</level>
  <class>interfaz.MenuCliente</class>
  <method>main</method>
  <thread>1</thread>
  <message>El usuario no ha introducido un número</message>
</record>
<record>
  <date>2021-05-10T11:14:48.684634600Z</date>
  <millis>1620645288684</millis>
  <nanos>634600</nanos>
  <sequence>10</sequence>
  <logger>global</logger>
  <level>WARNING</level>
  <class>interfaz.MenuCliente</class>
  <method>main</method>
  <thread>1</thread>
  <message>El usuario no ha introducido un número</message>
</record>
