<?xml version="1.0" encoding="windows-1252" standalone="no"?>
<!DOCTYPE log SYSTEM "logger.dtd">
<log>
<record>
  <date>2021-05-05T15:54:26.429619900Z</date>
  <millis>1620230066429</millis>
  <nanos>619900</nanos>
  <sequence>0</sequence>
  <logger>global</logger>
  <level>INFO</level>
  <class>logging.MyLogger</class>
  <method>setup</method>
  <thread>1</thread>
  <message>Logger is configured</message>
</record>
<record>
  <date>2021-05-05T15:54:26.959204800Z</date>
  <millis>1620230066959</millis>
  <nanos>204800</nanos>
  <sequence>1</sequence>
  <logger>global</logger>
  <level>INFO</level>
  <class>jdbc.JDBCManager</class>
  <method>connect</method>
  <thread>1</thread>
  <message>Se ha establecido la conexión con la BD</message>
</record>
<record>
  <date>2021-05-05T15:54:31.149443300Z</date>
  <millis>1620230071149</millis>
  <nanos>443300</nanos>
  <sequence>2</sequence>
  <logger>global</logger>
  <level>INFO</level>
  <class>interfaz.MenuServidor</class>
  <method>main</method>
  <thread>1</thread>
  <message>El usuario elige 14</message>
</record>
<record>
  <date>2021-05-05T15:54:45.281844300Z</date>
  <millis>1620230085281</millis>
  <nanos>844300</nanos>
  <sequence>3</sequence>
  <logger>global</logger>
  <level>INFO</level>
  <class>interfaz.MenuServidor</class>
  <method>main</method>
  <thread>1</thread>
  <message>El usuario elige 8</message>
</record>
<record>
  <date>2021-05-05T15:54:45.284881200Z</date>
  <millis>1620230085284</millis>
  <nanos>881200</nanos>
  <sequence>4</sequence>
  <logger>global</logger>
  <level>FINE</level>
  <class>jdbc.JDBCManager</class>
  <method>searchMenu</method>
  <thread>1</thread>
  <message>Menu: Plato [id=1, plato=Patatas precio=6.0]</message>
</record>
<record>
  <date>2021-05-05T15:54:45.285834500Z</date>
  <millis>1620230085285</millis>
  <nanos>834500</nanos>
  <sequence>5</sequence>
  <logger>global</logger>
  <level>FINE</level>
  <class>jdbc.JDBCManager</class>
  <method>searchMenu</method>
  <thread>1</thread>
  <message>Menu: Plato [id=2, plato=Pasta precio=10.0]</message>
</record>
<record>
  <date>2021-05-05T15:54:45.285834500Z</date>
  <millis>1620230085285</millis>
  <nanos>834500</nanos>
  <sequence>6</sequence>
  <logger>global</logger>
  <level>FINE</level>
  <class>jdbc.JDBCManager</class>
  <method>searchMenu</method>
  <thread>1</thread>
  <message>Menu: Plato [id=3, plato=Pizza precio=10.0]</message>
</record>
<record>
  <date>2021-05-05T15:54:45.285834500Z</date>
  <millis>1620230085285</millis>
  <nanos>834500</nanos>
  <sequence>7</sequence>
  <logger>global</logger>
  <level>FINE</level>
  <class>jdbc.JDBCManager</class>
  <method>searchMenu</method>
  <thread>1</thread>
  <message>Menu: Plato [id=4, plato=Solomillo precio=15.0]</message>
</record>
<record>
  <date>2021-05-05T15:54:48.995516900Z</date>
  <millis>1620230088995</millis>
  <nanos>516900</nanos>
  <sequence>8</sequence>
  <logger>global</logger>
  <level>INFO</level>
  <class>interfaz.MenuServidor</class>
  <method>main</method>
  <thread>1</thread>
  <message>El usuario elige 13</message>
</record>
<record>
  <date>2021-05-05T15:54:48.996514300Z</date>
  <millis>1620230088996</millis>
  <nanos>514300</nanos>
  <sequence>9</sequence>
  <logger>global</logger>
  <level>FINE</level>
  <class>jdbc.JDBCManager</class>
  <method>searchCargos</method>
  <thread>1</thread>
  <message>Cargo: ID: 1 Nombre: Informatico Jefe: 1</message>
</record>
<record>
  <date>2021-05-05T15:54:48.997511200Z</date>
  <millis>1620230088997</millis>
  <nanos>511200</nanos>
  <sequence>10</sequence>
  <logger>global</logger>
  <level>FINE</level>
  <class>jdbc.JDBCManager</class>
  <method>searchCargos</method>
  <thread>1</thread>
  <message>Cargo: ID: 2 Nombre: Cocinero Jefe: 2</message>
</record>
<record>
  <date>2021-05-05T15:54:48.997511200Z</date>
  <millis>1620230088997</millis>
  <nanos>511200</nanos>
  <sequence>11</sequence>
  <logger>global</logger>
  <level>FINE</level>
  <class>jdbc.JDBCManager</class>
  <method>searchCargos</method>
  <thread>1</thread>
  <message>Cargo: ID: 3 Nombre: Repartidor Jefe: 3</message>
</record>
<record>
  <date>2021-05-05T15:55:01.261651300Z</date>
  <millis>1620230101261</millis>
  <nanos>651300</nanos>
  <sequence>12</sequence>
  <logger>global</logger>
  <level>INFO</level>
  <class>interfaz.MenuServidor</class>
  <method>main</method>
  <thread>1</thread>
  <message>El usuario elige 1</message>
</record>
<record>
  <date>2021-05-05T15:55:11.951928Z</date>
  <millis>1620230111951</millis>
  <nanos>928000</nanos>
  <sequence>13</sequence>
  <logger>global</logger>
  <level>INFO</level>
  <class>interfaz.MenuServidor</class>
  <method>main</method>
  <thread>1</thread>
  <message>El usuario elige 1</message>
</record>
<record>
  <date>2021-05-05T15:55:22.128309900Z</date>
  <millis>1620230122128</millis>
  <nanos>309900</nanos>
  <sequence>14</sequence>
  <logger>global</logger>
  <level>INFO</level>
  <class>interfaz.MenuServidor</class>
  <method>main</method>
  <thread>1</thread>
  <message>El usuario elige 7</message>
</record>
<record>
  <date>2021-05-05T15:55:50.945613600Z</date>
  <millis>1620230150945</millis>
  <nanos>613600</nanos>
  <sequence>15</sequence>
  <logger>global</logger>
  <level>SEVERE</level>
  <class>jdbc.JDBCManager</class>
  <method>addPedido</method>
  <thread>1</thread>
  <message>Error al insertar el pedido: ID: 0 Cliente_id: 1Coste: 1.0Direccion: eHora: 2021-11-13Repartidor: 2
</message>
</record>
<record>
  <date>2021-05-05T15:56:12.305683800Z</date>
  <millis>1620230172305</millis>
  <nanos>683800</nanos>
  <sequence>16</sequence>
  <logger>global</logger>
  <level>INFO</level>
  <class>interfaz.MenuServidor</class>
  <method>main</method>
  <thread>1</thread>
  <message>El usuario elige 2</message>
</record>
<record>
  <date>2021-05-05T15:56:12.306680500Z</date>
  <millis>1620230172306</millis>
  <nanos>680500</nanos>
  <sequence>17</sequence>
  <logger>global</logger>
  <level>FINE</level>
  <class>jdbc.JDBCManager</class>
  <method>searchEmpleados</method>
  <thread>1</thread>
  <message>Empleado: ID: 1  Nombre: david  Cargo_id: 1   Sueldo: 1000</message>
</record>
<record>
  <date>2021-05-05T15:56:12.306680500Z</date>
  <millis>1620230172306</millis>
  <nanos>680500</nanos>
  <sequence>18</sequence>
  <logger>global</logger>
  <level>FINE</level>
  <class>jdbc.JDBCManager</class>
  <method>searchEmpleados</method>
  <thread>1</thread>
  <message>Empleado: ID: 2  Nombre: antonio  Cargo_id: 3   Sueldo: 1000</message>
</record>
<record>
  <date>2021-05-05T15:56:18.808944400Z</date>
  <millis>1620230178808</millis>
  <nanos>944400</nanos>
  <sequence>19</sequence>
  <logger>global</logger>
  <level>INFO</level>
  <class>interfaz.MenuServidor</class>
  <method>main</method>
  <thread>1</thread>
  <message>El usuario elige 13</message>
</record>
<record>
  <date>2021-05-05T15:56:18.809922800Z</date>
  <millis>1620230178809</millis>
  <nanos>922800</nanos>
  <sequence>20</sequence>
  <logger>global</logger>
  <level>FINE</level>
  <class>jdbc.JDBCManager</class>
  <method>searchCargos</method>
  <thread>1</thread>
  <message>Cargo: ID: 1 Nombre: Informatico Jefe: 1</message>
</record>
<record>
  <date>2021-05-05T15:56:18.809922800Z</date>
  <millis>1620230178809</millis>
  <nanos>922800</nanos>
  <sequence>21</sequence>
  <logger>global</logger>
  <level>FINE</level>
  <class>jdbc.JDBCManager</class>
  <method>searchCargos</method>
  <thread>1</thread>
  <message>Cargo: ID: 2 Nombre: Cocinero Jefe: 2</message>
</record>
<record>
  <date>2021-05-05T15:56:18.809922800Z</date>
  <millis>1620230178809</millis>
  <nanos>922800</nanos>
  <sequence>22</sequence>
  <logger>global</logger>
  <level>FINE</level>
  <class>jdbc.JDBCManager</class>
  <method>searchCargos</method>
  <thread>1</thread>
  <message>Cargo: ID: 3 Nombre: Repartidor Jefe: 3</message>
</record>
<record>
  <date>2021-05-05T16:44:17.483146100Z</date>
  <millis>1620233057483</millis>
  <nanos>146100</nanos>
  <sequence>23</sequence>
  <logger>global</logger>
  <level>WARNING</level>
  <class>interfaz.MenuServidor</class>
  <method>main</method>
  <thread>1</thread>
  <message>El usuario no ha introducido un número</message>
</record>
<record>
  <date>2021-05-05T16:44:17.485140600Z</date>
  <millis>1620233057485</millis>
  <nanos>140600</nanos>
  <sequence>24</sequence>
  <logger>global</logger>
  <level>WARNING</level>
  <class>interfaz.MenuServidor</class>
  <method>main</method>
  <thread>1</thread>
  <message>El usuario no ha introducido un número</message>
</record>
<record>
  <date>2021-05-05T16:44:17.490128500Z</date>
  <millis>1620233057490</millis>
  <nanos>128500</nanos>
  <sequence>25</sequence>
  <logger>global</logger>
  <level>WARNING</level>
  <class>interfaz.MenuServidor</class>
  <method>main</method>
  <thread>1</thread>
  <message>El usuario no ha introducido un número</message>
</record>
<record>
  <date>2021-05-05T16:44:17.493120200Z</date>
  <millis>1620233057493</millis>
  <nanos>120200</nanos>
  <sequence>26</sequence>
  <logger>global</logger>
  <level>WARNING</level>
  <class>interfaz.MenuServidor</class>
  <method>main</method>
  <thread>1</thread>
  <message>El usuario no ha introducido un número</message>
</record>
<record>
  <date>2021-05-05T16:44:17.496112900Z</date>
  <millis>1620233057496</millis>
  <nanos>112900</nanos>
  <sequence>27</sequence>
  <logger>global</logger>
  <level>WARNING</level>
  <class>interfaz.MenuServidor</class>
  <method>main</method>
  <thread>1</thread>
  <message>El usuario no ha introducido un número</message>
</record>
<record>
  <date>2021-05-05T16:44:17.500104400Z</date>
  <millis>1620233057500</millis>
  <nanos>104400</nanos>
  <sequence>28</sequence>
  <logger>global</logger>
  <level>WARNING</level>
  <class>interfaz.MenuServidor</class>
  <method>main</method>
  <thread>1</thread>
  <message>El usuario no ha introducido un número</message>
</record>
<record>
  <date>2021-05-05T16:44:17.503092700Z</date>
  <millis>1620233057503</millis>
  <nanos>92700</nanos>
  <sequence>29</sequence>
  <logger>global</logger>
  <level>WARNING</level>
  <class>interfaz.MenuServidor</class>
  <method>main</method>
  <thread>1</thread>
  <message>El usuario no ha introducido un número</message>
</record>
<record>
  <date>2021-05-05T16:44:17.506084500Z</date>
  <millis>1620233057506</millis>
  <nanos>84500</nanos>
  <sequence>30</sequence>
  <logger>global</logger>
  <level>WARNING</level>
  <class>interfaz.MenuServidor</class>
  <method>main</method>
  <thread>1</thread>
  <message>El usuario no ha introducido un número</message>
</record>
