<?xml version="1.0" encoding="windows-1252" standalone="no"?>
<!DOCTYPE log SYSTEM "logger.dtd">
<log>
<record>
  <date>2021-05-19T08:20:08.834289800Z</date>
  <millis>1621412408834</millis>
  <nanos>289800</nanos>
  <sequence>0</sequence>
  <logger>global</logger>
  <level>INFO</level>
  <class>logging.MyLogger</class>
  <method>setup</method>
  <thread>1</thread>
  <message>Logger is configured</message>
</record>
<record>
  <date>2021-05-19T08:20:09.768131Z</date>
  <millis>1621412409768</millis>
  <nanos>131000</nanos>
  <sequence>1</sequence>
  <logger>global</logger>
  <level>INFO</level>
  <class>jdbc.JDBCManager</class>
  <method>connect</method>
  <thread>1</thread>
  <message>Se ha establecido la conexión con la BD</message>
</record>
<record>
  <date>2021-05-19T08:20:09.950770600Z</date>
  <millis>1621412409950</millis>
  <nanos>770600</nanos>
  <sequence>2</sequence>
  <logger>global</logger>
  <level>FINER</level>
  <class>ArchiveFactoryImpl</class>
  <method>createArchive</method>
  <thread>1</thread>
  <message>ENTRY file:/C:/Users/alex0/AppData/Roaming/SPB_Data/git/restaurante/BasesDatosRestaurante/BaseDeDatosRestaurante/bin/ META-INF/persistence.xml</message>
</record>
<record>
  <date>2021-05-19T08:20:09.951767400Z</date>
  <millis>1621412409951</millis>
  <nanos>767400</nanos>
  <sequence>3</sequence>
  <logger>global</logger>
  <level>FINER</level>
  <class>ArchiveFactoryImpl</class>
  <method>createArchive</method>
  <thread>1</thread>
  <message>protocol = file</message>
</record>
<record>
  <date>2021-05-19T08:20:09.982685300Z</date>
  <millis>1621412409982</millis>
  <nanos>685300</nanos>
  <sequence>4</sequence>
  <logger>global</logger>
  <level>FINER</level>
  <class>DirectoryArchive</class>
  <method>DirectoryArchive</method>
  <thread>1</thread>
  <message>ENTRY C:\Users\alex0\AppData\Roaming\SPB_Data\git\restaurante\BasesDatosRestaurante\BaseDeDatosRestaurante\bin</message>
</record>
<record>
  <date>2021-05-19T08:20:09.982685300Z</date>
  <millis>1621412409982</millis>
  <nanos>685300</nanos>
  <sequence>5</sequence>
  <logger>global</logger>
  <level>FINER</level>
  <class>DirectoryArchive</class>
  <method>DirectoryArchive</method>
  <thread>1</thread>
  <message>rootURL = file:/C:/Users/alex0/AppData/Roaming/SPB_Data/git/restaurante/BasesDatosRestaurante/BaseDeDatosRestaurante/bin/</message>
</record>
<record>
  <date>2021-05-19T08:20:09.991661100Z</date>
  <millis>1621412409991</millis>
  <nanos>661100</nanos>
  <sequence>6</sequence>
  <logger>global</logger>
  <level>FINER</level>
  <class>ArchiveFactoryImpl</class>
  <method>createArchive</method>
  <thread>1</thread>
  <message>RETURN DirectoryArchive(file:/C:/Users/alex0/AppData/Roaming/SPB_Data/git/restaurante/BasesDatosRestaurante/BaseDeDatosRestaurante/bin/)</message>
</record>
<record>
  <date>2021-05-19T08:20:10.740219700Z</date>
  <millis>1621412410740</millis>
  <nanos>219700</nanos>
  <sequence>7</sequence>
  <logger>global</logger>
  <level>FINER</level>
  <class>ArchiveFactoryImpl</class>
  <method>createArchive</method>
  <thread>1</thread>
  <message>ENTRY file:/C:/Users/alex0/AppData/Roaming/SPB_Data/git/restaurante/BasesDatosRestaurante/BaseDeDatosRestaurante/bin/ null</message>
</record>
<record>
  <date>2021-05-19T08:20:10.741218900Z</date>
  <millis>1621412410741</millis>
  <nanos>218900</nanos>
  <sequence>8</sequence>
  <logger>global</logger>
  <level>FINER</level>
  <class>ArchiveFactoryImpl</class>
  <method>createArchive</method>
  <thread>1</thread>
  <message>protocol = file</message>
</record>
<record>
  <date>2021-05-19T08:20:10.741218900Z</date>
  <millis>1621412410741</millis>
  <nanos>218900</nanos>
  <sequence>9</sequence>
  <logger>global</logger>
  <level>FINER</level>
  <class>DirectoryArchive</class>
  <method>DirectoryArchive</method>
  <thread>1</thread>
  <message>ENTRY C:\Users\alex0\AppData\Roaming\SPB_Data\git\restaurante\BasesDatosRestaurante\BaseDeDatosRestaurante\bin</message>
</record>
<record>
  <date>2021-05-19T08:20:10.742216900Z</date>
  <millis>1621412410742</millis>
  <nanos>216900</nanos>
  <sequence>10</sequence>
  <logger>global</logger>
  <level>FINER</level>
  <class>DirectoryArchive</class>
  <method>DirectoryArchive</method>
  <thread>1</thread>
  <message>rootURL = file:/C:/Users/alex0/AppData/Roaming/SPB_Data/git/restaurante/BasesDatosRestaurante/BaseDeDatosRestaurante/bin/</message>
</record>
<record>
  <date>2021-05-19T08:20:10.747164500Z</date>
  <millis>1621412410747</millis>
  <nanos>164500</nanos>
  <sequence>11</sequence>
  <logger>global</logger>
  <level>FINER</level>
  <class>ArchiveFactoryImpl</class>
  <method>createArchive</method>
  <thread>1</thread>
  <message>RETURN DirectoryArchive(file:/C:/Users/alex0/AppData/Roaming/SPB_Data/git/restaurante/BasesDatosRestaurante/BaseDeDatosRestaurante/bin/)</message>
</record>
<record>
  <date>2021-05-19T08:20:10.747164500Z</date>
  <millis>1621412410747</millis>
  <nanos>164500</nanos>
  <sequence>12</sequence>
  <logger>global</logger>
  <level>FINER</level>
  <class>ArchiveFactoryImpl</class>
  <method>createArchive</method>
  <thread>1</thread>
  <message>ENTRY file:/C:/Users/alex0/AppData/Roaming/SPB_Data/git/restaurante/BasesDatosRestaurante/BaseDeDatosRestaurante/bin/ null</message>
</record>
<record>
  <date>2021-05-19T08:20:10.747164500Z</date>
  <millis>1621412410747</millis>
  <nanos>164500</nanos>
  <sequence>13</sequence>
  <logger>global</logger>
  <level>FINER</level>
  <class>ArchiveFactoryImpl</class>
  <method>createArchive</method>
  <thread>1</thread>
  <message>protocol = file</message>
</record>
<record>
  <date>2021-05-19T08:20:10.747164500Z</date>
  <millis>1621412410747</millis>
  <nanos>164500</nanos>
  <sequence>14</sequence>
  <logger>global</logger>
  <level>FINER</level>
  <class>DirectoryArchive</class>
  <method>DirectoryArchive</method>
  <thread>1</thread>
  <message>ENTRY C:\Users\alex0\AppData\Roaming\SPB_Data\git\restaurante\BasesDatosRestaurante\BaseDeDatosRestaurante\bin</message>
</record>
<record>
  <date>2021-05-19T08:20:10.747164500Z</date>
  <millis>1621412410747</millis>
  <nanos>164500</nanos>
  <sequence>15</sequence>
  <logger>global</logger>
  <level>FINER</level>
  <class>DirectoryArchive</class>
  <method>DirectoryArchive</method>
  <thread>1</thread>
  <message>rootURL = file:/C:/Users/alex0/AppData/Roaming/SPB_Data/git/restaurante/BasesDatosRestaurante/BaseDeDatosRestaurante/bin/</message>
</record>
<record>
  <date>2021-05-19T08:20:10.751191100Z</date>
  <millis>1621412410751</millis>
  <nanos>191100</nanos>
  <sequence>16</sequence>
  <logger>global</logger>
  <level>FINER</level>
  <class>ArchiveFactoryImpl</class>
  <method>createArchive</method>
  <thread>1</thread>
  <message>RETURN DirectoryArchive(file:/C:/Users/alex0/AppData/Roaming/SPB_Data/git/restaurante/BasesDatosRestaurante/BaseDeDatosRestaurante/bin/)</message>
</record>
<record>
  <date>2021-05-19T08:20:15.768776800Z</date>
  <millis>1621412415768</millis>
  <nanos>776800</nanos>
  <sequence>17</sequence>
  <logger>global</logger>
  <level>INFO</level>
  <class>interfaz.menu</class>
  <method>main</method>
  <thread>1</thread>
  <message>El usuario elige 1</message>
</record>
<record>
  <date>2021-05-19T08:20:55.581636800Z</date>
  <millis>1621412455581</millis>
  <nanos>636800</nanos>
  <sequence>18</sequence>
  <logger>global</logger>
  <level>INFO</level>
  <class>interfaz.menu</class>
  <method>registrarse</method>
  <thread>1</thread>
  <message>Usuario [id=null, email=alex@ceu.usp.es, rol=Rol [id=1, nombre=usuario]]</message>
</record>
<record>
  <date>2021-05-19T08:20:55.834833200Z</date>
  <millis>1621412455834</millis>
  <nanos>833200</nanos>
  <sequence>19</sequence>
  <logger>global</logger>
  <level>INFO</level>
  <class>interfaz.menu</class>
  <method>registrarse</method>
  <thread>1</thread>
  <message>Usuario [id=4, email=alex@ceu.usp.es, rol=Rol [id=1, nombre=usuario]]</message>
</record>
<record>
  <date>2021-05-19T08:21:02.296411400Z</date>
  <millis>1621412462296</millis>
  <nanos>411400</nanos>
  <sequence>20</sequence>
  <logger>global</logger>
  <level>INFO</level>
  <class>interfaz.menu</class>
  <method>main</method>
  <thread>1</thread>
  <message>El usuario elige 2</message>
</record>
<record>
  <date>2021-05-19T08:21:35.979071300Z</date>
  <millis>1621412495979</millis>
  <nanos>71300</nanos>
  <sequence>21</sequence>
  <logger>global</logger>
  <level>INFO</level>
  <class>interfaz.menu</class>
  <method>main</method>
  <thread>1</thread>
  <message>El usuario elige 2</message>
</record>
<record>
  <date>2021-05-19T08:21:45.108490500Z</date>
  <millis>1621412505108</millis>
  <nanos>490500</nanos>
  <sequence>22</sequence>
  <logger>global</logger>
  <level>INFO</level>
  <class>logging.MyLogger</class>
  <method>setup</method>
  <thread>1</thread>
  <message>Logger is configured</message>
</record>
<record>
  <date>2021-05-19T08:21:45.111514800Z</date>
  <millis>1621412505111</millis>
  <nanos>514800</nanos>
  <sequence>23</sequence>
  <logger>global</logger>
  <level>INFO</level>
  <class>jdbc.JDBCManager</class>
  <method>connect</method>
  <thread>1</thread>
  <message>Se ha establecido la conexión con la BD</message>
</record>
<record>
  <date>2021-05-19T08:21:47.173540300Z</date>
  <millis>1621412507173</millis>
  <nanos>540300</nanos>
  <sequence>24</sequence>
  <logger>global</logger>
  <level>INFO</level>
  <class>interfaz.MenuCliente</class>
  <method>main</method>
  <thread>1</thread>
  <message>El usuario elige 1</message>
</record>
<record>
  <date>2021-05-19T08:21:59.050918900Z</date>
  <millis>1621412519050</millis>
  <nanos>918900</nanos>
  <sequence>25</sequence>
  <logger>global</logger>
  <level>INFO</level>
  <class>interfaz.MenuCliente</class>
  <method>main</method>
  <thread>1</thread>
  <message>El usuario elige 3</message>
</record>
<record>
  <date>2021-05-19T08:21:59.055907800Z</date>
  <millis>1621412519055</millis>
  <nanos>907800</nanos>
  <sequence>26</sequence>
  <logger>global</logger>
  <level>FINE</level>
  <class>jdbc.JDBCManager</class>
  <method>searchMenu</method>
  <thread>1</thread>
  <message>Menu: Plato [id=1, plato=Patatas precio=6.0]</message>
</record>
<record>
  <date>2021-05-19T08:21:59.055907800Z</date>
  <millis>1621412519055</millis>
  <nanos>907800</nanos>
  <sequence>27</sequence>
  <logger>global</logger>
  <level>FINE</level>
  <class>jdbc.JDBCManager</class>
  <method>searchMenu</method>
  <thread>1</thread>
  <message>Menu: Plato [id=2, plato=Pasta precio=10.0]</message>
</record>
<record>
  <date>2021-05-19T08:21:59.055907800Z</date>
  <millis>1621412519055</millis>
  <nanos>907800</nanos>
  <sequence>28</sequence>
  <logger>global</logger>
  <level>FINE</level>
  <class>jdbc.JDBCManager</class>
  <method>searchMenu</method>
  <thread>1</thread>
  <message>Menu: Plato [id=3, plato=Pizza precio=10.0]</message>
</record>
<record>
  <date>2021-05-19T08:21:59.056906500Z</date>
  <millis>1621412519056</millis>
  <nanos>906500</nanos>
  <sequence>29</sequence>
  <logger>global</logger>
  <level>FINE</level>
  <class>jdbc.JDBCManager</class>
  <method>searchMenu</method>
  <thread>1</thread>
  <message>Menu: Plato [id=4, plato=Solomillo precio=15.0]</message>
</record>
<record>
  <date>2021-05-19T08:21:59.056906500Z</date>
  <millis>1621412519056</millis>
  <nanos>906500</nanos>
  <sequence>30</sequence>
  <logger>global</logger>
  <level>FINE</level>
  <class>jdbc.JDBCManager</class>
  <method>searchMenu</method>
  <thread>1</thread>
  <message>Menu: Plato [id=5, plato=Patatas precio=6.0]</message>
</record>
<record>
  <date>2021-05-19T08:21:59.056906500Z</date>
  <millis>1621412519056</millis>
  <nanos>906500</nanos>
  <sequence>31</sequence>
  <logger>global</logger>
  <level>FINE</level>
  <class>jdbc.JDBCManager</class>
  <method>searchMenu</method>
  <thread>1</thread>
  <message>Menu: Plato [id=6, plato=Pasta precio=10.0]</message>
</record>
<record>
  <date>2021-05-19T08:21:59.056906500Z</date>
  <millis>1621412519056</millis>
  <nanos>906500</nanos>
  <sequence>32</sequence>
  <logger>global</logger>
  <level>FINE</level>
  <class>jdbc.JDBCManager</class>
  <method>searchMenu</method>
  <thread>1</thread>
  <message>Menu: Plato [id=7, plato=Pizza precio=10.0]</message>
</record>
<record>
  <date>2021-05-19T08:21:59.057902800Z</date>
  <millis>1621412519057</millis>
  <nanos>902800</nanos>
  <sequence>33</sequence>
  <logger>global</logger>
  <level>FINE</level>
  <class>jdbc.JDBCManager</class>
  <method>searchMenu</method>
  <thread>1</thread>
  <message>Menu: Plato [id=8, plato=Solomillo precio=15.0]</message>
</record>
<record>
  <date>2021-05-19T08:22:09.065940700Z</date>
  <millis>1621412529065</millis>
  <nanos>940700</nanos>
  <sequence>34</sequence>
  <logger>global</logger>
  <level>INFO</level>
  <class>interfaz.MenuCliente</class>
  <method>main</method>
  <thread>1</thread>
  <message>El usuario elige 2</message>
</record>
</log>
