<?xml version="1.0" encoding="windows-1252" standalone="no"?>
<!DOCTYPE log SYSTEM "logger.dtd">
<log>
<record>
  <date>2021-04-28T15:46:35.747961600Z</date>
  <millis>1619624795747</millis>
  <nanos>961600</nanos>
  <sequence>0</sequence>
  <logger>global</logger>
  <level>INFO</level>
  <class>logging.MyLogger</class>
  <method>setup</method>
  <thread>1</thread>
  <message>Logger is configured</message>
</record>
<record>
  <date>2021-04-28T15:46:36.671830500Z</date>
  <millis>1619624796671</millis>
  <nanos>830500</nanos>
  <sequence>1</sequence>
  <logger>global</logger>
  <level>INFO</level>
  <class>jdbc.JDBCManager</class>
  <method>connect</method>
  <thread>1</thread>
  <message>Se ha establecido la conexión con la BD</message>
</record>
<record>
  <date>2021-04-28T15:46:41.170368400Z</date>
  <millis>1619624801170</millis>
  <nanos>368400</nanos>
  <sequence>2</sequence>
  <logger>global</logger>
  <level>INFO</level>
  <class>interfaz.MenuCliente</class>
  <method>main</method>
  <thread>1</thread>
  <message>El usuario elige 1</message>
</record>
<record>
  <date>2021-04-28T15:47:05.456656200Z</date>
  <millis>1619624825456</millis>
  <nanos>656200</nanos>
  <sequence>3</sequence>
  <logger>global</logger>
  <level>INFO</level>
  <class>interfaz.MenuCliente</class>
  <method>main</method>
  <thread>1</thread>
  <message>El usuario elige 5</message>
</record>
<record>
  <date>2021-04-28T15:47:09.548077700Z</date>
  <millis>1619624829548</millis>
  <nanos>77700</nanos>
  <sequence>4</sequence>
  <logger>global</logger>
  <level>INFO</level>
  <class>interfaz.MenuCliente</class>
  <method>main</method>
  <thread>1</thread>
  <message>El usuario elige 5</message>
</record>
<record>
  <date>2021-04-28T15:47:12.827153300Z</date>
  <millis>1619624832827</millis>
  <nanos>153300</nanos>
  <sequence>5</sequence>
  <logger>global</logger>
  <level>INFO</level>
  <class>interfaz.MenuCliente</class>
  <method>main</method>
  <thread>1</thread>
  <message>El usuario elige 4</message>
</record>
