<?xml version="1.0" encoding="windows-1252" standalone="no"?>
<!DOCTYPE log SYSTEM "logger.dtd">
<log>
<record>
  <date>2021-04-28T09:42:42.285060700Z</date>
  <millis>1619602962285</millis>
  <nanos>60700</nanos>
  <sequence>0</sequence>
  <logger>global</logger>
  <level>INFO</level>
  <class>logging.MyLogger</class>
  <method>setup</method>
  <thread>1</thread>
  <message>Logger is configured</message>
</record>
<record>
  <date>2021-04-28T09:42:43.485157900Z</date>
  <millis>1619602963485</millis>
  <nanos>157900</nanos>
  <sequence>1</sequence>
  <logger>global</logger>
  <level>INFO</level>
  <class>jdbc.JDBCManager</class>
  <method>connect</method>
  <thread>1</thread>
  <message>Se ha establecido la conexión con la BD</message>
</record>
<record>
  <date>2021-04-28T09:42:47.833099600Z</date>
  <millis>1619602967833</millis>
  <nanos>99600</nanos>
  <sequence>2</sequence>
  <logger>global</logger>
  <level>INFO</level>
  <class>interfaz.MenuServidor</class>
  <method>main</method>
  <thread>1</thread>
  <message>El usuario elige 2</message>
</record>
<record>
  <date>2021-04-28T09:42:47.836006300Z</date>
  <millis>1619602967836</millis>
  <nanos>6300</nanos>
  <sequence>3</sequence>
  <logger>global</logger>
  <level>FINE</level>
  <class>jdbc.JDBCManager</class>
  <method>searchEmpleados</method>
  <thread>1</thread>
  <message>Empleado: ID: 1  Nombre: rrrrr  Cargo_id: 22   Sueldo: 3333</message>
</record>
<record>
  <date>2021-04-28T09:42:47.837003900Z</date>
  <millis>1619602967837</millis>
  <nanos>3900</nanos>
  <sequence>4</sequence>
  <logger>global</logger>
  <level>FINE</level>
  <class>jdbc.JDBCManager</class>
  <method>searchEmpleados</method>
  <thread>1</thread>
  <message>Empleado: ID: 1  Nombre: rrrrr  Cargo_id: 22   Sueldo: 3333</message>
</record>
<record>
  <date>2021-04-28T10:22:41.086423200Z</date>
  <millis>1619605361086</millis>
  <nanos>423200</nanos>
  <sequence>5</sequence>
  <logger>global</logger>
  <level>FINE</level>
  <class>jdbc.JDBCManager</class>
  <method>searchEmpleados</method>
  <thread>1</thread>
  <message>Empleado: ID: 1  Nombre: rrrrr  Cargo_id: 22   Sueldo: 3333</message>
</record>
<record>
  <date>2021-04-28T10:22:41.087420400Z</date>
  <millis>1619605361087</millis>
  <nanos>420400</nanos>
  <sequence>6</sequence>
  <logger>global</logger>
  <level>WARNING</level>
  <class>interfaz.MenuServidor</class>
  <method>main</method>
  <thread>1</thread>
  <message>El usuario no ha introducido un número</message>
</record>
<record>
  <date>2021-04-28T10:22:41.100385Z</date>
  <millis>1619605361100</millis>
  <nanos>385000</nanos>
  <sequence>7</sequence>
  <logger>global</logger>
  <level>WARNING</level>
  <class>interfaz.MenuServidor</class>
  <method>main</method>
  <thread>1</thread>
  <message>El usuario no ha introducido un número</message>
</record>
