<?xml version="1.0" encoding="windows-1252" standalone="no"?>
<!DOCTYPE log SYSTEM "logger.dtd">
<log>
<record>
  <date>2021-05-10T11:50:49.141927500Z</date>
  <millis>1620647449141</millis>
  <nanos>927500</nanos>
  <sequence>0</sequence>
  <logger>global</logger>
  <level>INFO</level>
  <class>logging.MyLogger</class>
  <method>setup</method>
  <thread>1</thread>
  <message>Logger is configured</message>
</record>
<record>
  <date>2021-05-10T11:50:49.502502300Z</date>
  <millis>1620647449502</millis>
  <nanos>502300</nanos>
  <sequence>1</sequence>
  <logger>global</logger>
  <level>INFO</level>
  <class>jdbc.JDBCManager</class>
  <method>connect</method>
  <thread>1</thread>
  <message>Se ha establecido la conexión con la BD</message>
</record>
<record>
  <date>2021-05-10T11:50:55.124222800Z</date>
  <millis>1620647455124</millis>
  <nanos>222800</nanos>
  <sequence>2</sequence>
  <logger>global</logger>
  <level>INFO</level>
  <class>interfaz.MenuServidor</class>
  <method>main</method>
  <thread>1</thread>
  <message>El usuario elige 14</message>
</record>
<record>
  <date>2021-05-10T11:51:59.036708200Z</date>
  <millis>1620647519036</millis>
  <nanos>708200</nanos>
  <sequence>3</sequence>
  <logger>global</logger>
  <level>WARNING</level>
  <class>interfaz.MenuServidor</class>
  <method>main</method>
  <thread>1</thread>
  <message>El usuario no ha introducido un número</message>
</record>
<record>
  <date>2021-05-10T11:51:59.050670600Z</date>
  <millis>1620647519050</millis>
  <nanos>670600</nanos>
  <sequence>4</sequence>
  <logger>global</logger>
  <level>WARNING</level>
  <class>interfaz.MenuServidor</class>
  <method>main</method>
  <thread>1</thread>
  <message>El usuario no ha introducido un número</message>
</record>
<record>
  <date>2021-05-10T11:51:59.050670600Z</date>
  <millis>1620647519050</millis>
  <nanos>670600</nanos>
  <sequence>5</sequence>
  <logger>global</logger>
  <level>WARNING</level>
  <class>interfaz.MenuServidor</class>
  <method>main</method>
  <thread>1</thread>
  <message>El usuario no ha introducido un número</message>
</record>
<record>
  <date>2021-05-10T11:51:59.052665700Z</date>
  <millis>1620647519052</millis>
  <nanos>665700</nanos>
  <sequence>6</sequence>
  <logger>global</logger>
  <level>WARNING</level>
  <class>interfaz.MenuServidor</class>
  <method>main</method>
  <thread>1</thread>
  <message>El usuario no ha introducido un número</message>
</record>
<record>
  <date>2021-05-10T11:51:59.054661600Z</date>
  <millis>1620647519054</millis>
  <nanos>661600</nanos>
  <sequence>7</sequence>
  <logger>global</logger>
  <level>WARNING</level>
  <class>interfaz.MenuServidor</class>
  <method>main</method>
  <thread>1</thread>
  <message>El usuario no ha introducido un número</message>
</record>
