<?xml version="1.0" encoding="windows-1252" standalone="no"?>
<!DOCTYPE log SYSTEM "logger.dtd">
<log>
<record>
  <date>2021-04-28T09:34:16.184128800Z</date>
  <millis>1619602456184</millis>
  <nanos>128800</nanos>
  <sequence>0</sequence>
  <logger>global</logger>
  <level>INFO</level>
  <class>logging.MyLogger</class>
  <method>setup</method>
  <thread>1</thread>
  <message>Logger is configured</message>
</record>
<record>
  <date>2021-04-28T09:34:16.191063500Z</date>
  <millis>1619602456191</millis>
  <nanos>63500</nanos>
  <sequence>1</sequence>
  <logger>global</logger>
  <level>SEVERE</level>
  <class>jdbc.JDBCManager</class>
  <method>connect</method>
  <thread>1</thread>
  <message>No se ha encontrado la clase org.sqlite.JDBC</message>
</record>
<record>
  <date>2021-04-28T10:22:40.926850600Z</date>
  <millis>1619605360926</millis>
  <nanos>850600</nanos>
  <sequence>2</sequence>
  <logger>global</logger>
  <level>WARNING</level>
  <class>interfaz.MenuServidor</class>
  <method>main</method>
  <thread>1</thread>
  <message>El usuario no ha introducido un número</message>
</record>
<record>
  <date>2021-04-28T10:22:40.929843100Z</date>
  <millis>1619605360929</millis>
  <nanos>843100</nanos>
  <sequence>3</sequence>
  <logger>global</logger>
  <level>WARNING</level>
  <class>interfaz.MenuServidor</class>
  <method>main</method>
  <thread>1</thread>
  <message>El usuario no ha introducido un número</message>
</record>
<record>
  <date>2021-04-28T10:22:40.932836Z</date>
  <millis>1619605360932</millis>
  <nanos>836000</nanos>
  <sequence>4</sequence>
  <logger>global</logger>
  <level>WARNING</level>
  <class>interfaz.MenuServidor</class>
  <method>main</method>
  <thread>1</thread>
  <message>El usuario no ha introducido un número</message>
</record>
<record>
  <date>2021-04-28T10:22:40.935830600Z</date>
  <millis>1619605360935</millis>
  <nanos>830600</nanos>
  <sequence>5</sequence>
  <logger>global</logger>
  <level>WARNING</level>
  <class>interfaz.MenuServidor</class>
  <method>main</method>
  <thread>1</thread>
  <message>El usuario no ha introducido un número</message>
</record>
<record>
  <date>2021-04-28T10:22:40.938819600Z</date>
  <millis>1619605360938</millis>
  <nanos>819600</nanos>
  <sequence>6</sequence>
  <logger>global</logger>
  <level>WARNING</level>
  <class>interfaz.MenuServidor</class>
  <method>main</method>
  <thread>1</thread>
  <message>El usuario no ha introducido un número</message>
</record>
<record>
  <date>2021-04-28T10:22:40.941810500Z</date>
  <millis>1619605360941</millis>
  <nanos>810500</nanos>
  <sequence>7</sequence>
  <logger>global</logger>
  <level>WARNING</level>
  <class>interfaz.MenuServidor</class>
  <method>main</method>
  <thread>1</thread>
  <message>El usuario no ha introducido un número</message>
</record>
<record>
  <date>2021-04-28T10:22:40.943805500Z</date>
  <millis>1619605360943</millis>
  <nanos>805500</nanos>
  <sequence>8</sequence>
  <logger>global</logger>
  <level>WARNING</level>
  <class>interfaz.MenuServidor</class>
  <method>main</method>
  <thread>1</thread>
  <message>El usuario no ha introducido un número</message>
</record>
<record>
  <date>2021-04-28T10:22:40.945800200Z</date>
  <millis>1619605360945</millis>
  <nanos>800200</nanos>
  <sequence>9</sequence>
  <logger>global</logger>
  <level>WARNING</level>
  <class>interfaz.MenuServidor</class>
  <method>main</method>
  <thread>1</thread>
  <message>El usuario no ha introducido un número</message>
</record>
<record>
  <date>2021-04-28T10:22:40.947793900Z</date>
  <millis>1619605360947</millis>
  <nanos>793900</nanos>
  <sequence>10</sequence>
  <logger>global</logger>
  <level>WARNING</level>
  <class>interfaz.MenuServidor</class>
  <method>main</method>
  <thread>1</thread>
  <message>El usuario no ha introducido un número</message>
</record>
<record>
  <date>2021-04-28T10:22:40.949788700Z</date>
  <millis>1619605360949</millis>
  <nanos>788700</nanos>
  <sequence>11</sequence>
  <logger>global</logger>
  <level>WARNING</level>
  <class>interfaz.MenuServidor</class>
  <method>main</method>
  <thread>1</thread>
  <message>El usuario no ha introducido un número</message>
</record>
<record>
  <date>2021-04-28T10:22:40.952790600Z</date>
  <millis>1619605360952</millis>
  <nanos>790600</nanos>
  <sequence>12</sequence>
  <logger>global</logger>
  <level>WARNING</level>
  <class>interfaz.MenuServidor</class>
  <method>main</method>
  <thread>1</thread>
  <message>El usuario no ha introducido un número</message>
</record>
<record>
  <date>2021-04-28T10:22:40.973725100Z</date>
  <millis>1619605360973</millis>
  <nanos>725100</nanos>
  <sequence>13</sequence>
  <logger>global</logger>
  <level>WARNING</level>
  <class>interfaz.MenuServidor</class>
  <method>main</method>
  <thread>1</thread>
  <message>El usuario no ha introducido un número</message>
</record>
<record>
  <date>2021-04-28T10:22:40.980706300Z</date>
  <millis>1619605360980</millis>
  <nanos>706300</nanos>
  <sequence>14</sequence>
  <logger>global</logger>
  <level>WARNING</level>
  <class>interfaz.MenuServidor</class>
  <method>main</method>
  <thread>1</thread>
  <message>El usuario no ha introducido un número</message>
</record>
<record>
  <date>2021-04-28T10:22:40.984696200Z</date>
  <millis>1619605360984</millis>
  <nanos>696200</nanos>
  <sequence>15</sequence>
  <logger>global</logger>
  <level>WARNING</level>
  <class>interfaz.MenuServidor</class>
  <method>main</method>
  <thread>1</thread>
  <message>El usuario no ha introducido un número</message>
</record>
<record>
  <date>2021-04-28T10:22:40.987687800Z</date>
  <millis>1619605360987</millis>
  <nanos>687800</nanos>
  <sequence>16</sequence>
  <logger>global</logger>
  <level>WARNING</level>
  <class>interfaz.MenuServidor</class>
  <method>main</method>
  <thread>1</thread>
  <message>El usuario no ha introducido un número</message>
</record>
<record>
  <date>2021-04-28T10:22:40.990679200Z</date>
  <millis>1619605360990</millis>
  <nanos>679200</nanos>
  <sequence>17</sequence>
  <logger>global</logger>
  <level>WARNING</level>
  <class>interfaz.MenuServidor</class>
  <method>main</method>
  <thread>1</thread>
  <message>El usuario no ha introducido un número</message>
</record>
<record>
  <date>2021-04-28T10:22:40.993671100Z</date>
  <millis>1619605360993</millis>
  <nanos>671100</nanos>
  <sequence>18</sequence>
  <logger>global</logger>
  <level>WARNING</level>
  <class>interfaz.MenuServidor</class>
  <method>main</method>
  <thread>1</thread>
  <message>El usuario no ha introducido un número</message>
</record>
<record>
  <date>2021-04-28T10:22:40.995666500Z</date>
  <millis>1619605360995</millis>
  <nanos>666500</nanos>
  <sequence>19</sequence>
  <logger>global</logger>
  <level>WARNING</level>
  <class>interfaz.MenuServidor</class>
  <method>main</method>
  <thread>1</thread>
  <message>El usuario no ha introducido un número</message>
</record>
<record>
  <date>2021-04-28T10:22:40.998658400Z</date>
  <millis>1619605360998</millis>
  <nanos>658400</nanos>
  <sequence>20</sequence>
  <logger>global</logger>
  <level>WARNING</level>
  <class>interfaz.MenuServidor</class>
  <method>main</method>
  <thread>1</thread>
  <message>El usuario no ha introducido un número</message>
</record>
