<?xml version="1.0" encoding="windows-1252" standalone="no"?>
<!DOCTYPE log SYSTEM "logger.dtd">
<log>
<record>
  <date>2021-04-28T10:11:54.949110400Z</date>
  <millis>1619604714949</millis>
  <nanos>110400</nanos>
  <sequence>0</sequence>
  <logger>global</logger>
  <level>INFO</level>
  <class>logging.MyLogger</class>
  <method>setup</method>
  <thread>1</thread>
  <message>Logger is configured</message>
</record>
<record>
  <date>2021-04-28T10:11:55.204427700Z</date>
  <millis>1619604715204</millis>
  <nanos>427700</nanos>
  <sequence>1</sequence>
  <logger>global</logger>
  <level>INFO</level>
  <class>jdbc.JDBCManager</class>
  <method>connect</method>
  <thread>1</thread>
  <message>Se ha establecido la conexión con la BD</message>
</record>
<record>
  <date>2021-04-28T10:12:03.127219100Z</date>
  <millis>1619604723127</millis>
  <nanos>219100</nanos>
  <sequence>2</sequence>
  <logger>global</logger>
  <level>INFO</level>
  <class>interfaz.MenuServidor</class>
  <method>main</method>
  <thread>1</thread>
  <message>El usuario elige 5</message>
</record>
<record>
  <date>2021-04-28T10:12:03.130253500Z</date>
  <millis>1619604723130</millis>
  <nanos>253500</nanos>
  <sequence>3</sequence>
  <logger>global</logger>
  <level>FINE</level>
  <class>jdbc.JDBCManager</class>
  <method>searchClientes</method>
  <thread>1</thread>
  <message>Cliente: ID: 1 Nombre: juen Telefono: 123456789 Email: juen@hotmail.com</message>
</record>
<record>
  <date>2021-04-28T10:12:05.612825800Z</date>
  <millis>1619604725612</millis>
  <nanos>825800</nanos>
  <sequence>4</sequence>
  <logger>global</logger>
  <level>INFO</level>
  <class>interfaz.MenuServidor</class>
  <method>main</method>
  <thread>1</thread>
  <message>El usuario elige 6</message>
</record>
<record>
  <date>2021-04-28T10:12:07.150639100Z</date>
  <millis>1619604727150</millis>
  <nanos>639100</nanos>
  <sequence>5</sequence>
  <logger>global</logger>
  <level>FINE</level>
  <class>jdbc.JDBCManager</class>
  <method>searchClienteByNombre</method>
  <thread>1</thread>
  <message>Cliente: ID: 1 Nombre: null Telefono: 123456789 Email: juen@hotmail.com</message>
</record>
<record>
  <date>2021-04-28T10:12:13.691368500Z</date>
  <millis>1619604733691</millis>
  <nanos>368500</nanos>
  <sequence>6</sequence>
  <logger>global</logger>
  <level>INFO</level>
  <class>interfaz.MenuServidor</class>
  <method>main</method>
  <thread>1</thread>
  <message>El usuario elige 6</message>
</record>
<record>
  <date>2021-04-28T10:12:17.570583600Z</date>
  <millis>1619604737570</millis>
  <nanos>583600</nanos>
  <sequence>7</sequence>
  <logger>global</logger>
  <level>FINE</level>
  <class>jdbc.JDBCManager</class>
  <method>searchClienteByNombre</method>
  <thread>1</thread>
  <message>Cliente: ID: 1 Nombre: null Telefono: 123456789 Email: juen@hotmail.com</message>
</record>
<record>
  <date>2021-04-28T10:12:21.560536400Z</date>
  <millis>1619604741560</millis>
  <nanos>536400</nanos>
  <sequence>8</sequence>
  <logger>global</logger>
  <level>INFO</level>
  <class>interfaz.MenuServidor</class>
  <method>main</method>
  <thread>1</thread>
  <message>El usuario elige 5</message>
</record>
<record>
  <date>2021-04-28T10:22:41.378642200Z</date>
  <millis>1619605361378</millis>
  <nanos>642200</nanos>
  <sequence>9</sequence>
  <logger>global</logger>
  <level>WARNING</level>
  <class>interfaz.MenuServidor</class>
  <method>main</method>
  <thread>1</thread>
  <message>El usuario no ha introducido un número</message>
</record>
