<?xml version="1.0" encoding="windows-1252" standalone="no"?>
<!DOCTYPE log SYSTEM "logger.dtd">
<log>
<record>
  <date>2021-05-19T16:06:40.062168100Z</date>
  <millis>1621440400062</millis>
  <nanos>168100</nanos>
  <sequence>21</sequence>
  <logger>global</logger>
  <level>INFO</level>
  <class>logging.MyLogger</class>
  <method>setup</method>
  <thread>1</thread>
  <message>Logger is configured</message>
</record>
<record>
  <date>2021-05-19T16:06:40.067129600Z</date>
  <millis>1621440400067</millis>
  <nanos>129600</nanos>
  <sequence>22</sequence>
  <logger>global</logger>
  <level>INFO</level>
  <class>jdbc.JDBCManager</class>
  <method>connect</method>
  <thread>1</thread>
  <message>Se ha establecido la conexión con la BD</message>
</record>
<record>
  <date>2021-05-19T16:06:51.914397600Z</date>
  <millis>1621440411914</millis>
  <nanos>397600</nanos>
  <sequence>23</sequence>
  <logger>global</logger>
  <level>WARNING</level>
  <class>interfaz.MenuServidor</class>
  <method>main</method>
  <thread>1</thread>
  <message>El usuario no ha introducido un número</message>
</record>
<record>
  <date>2021-05-19T16:06:51.924370300Z</date>
  <millis>1621440411924</millis>
  <nanos>370300</nanos>
  <sequence>24</sequence>
  <logger>global</logger>
  <level>WARNING</level>
  <class>interfaz.MenuServidor</class>
  <method>main</method>
  <thread>1</thread>
  <message>El usuario no ha introducido un número</message>
</record>
<record>
  <date>2021-05-19T16:06:51.926365800Z</date>
  <millis>1621440411926</millis>
  <nanos>365800</nanos>
  <sequence>25</sequence>
  <logger>global</logger>
  <level>WARNING</level>
  <class>interfaz.MenuServidor</class>
  <method>main</method>
  <thread>1</thread>
  <message>El usuario no ha introducido un número</message>
</record>
<record>
  <date>2021-05-19T16:06:51.929356500Z</date>
  <millis>1621440411929</millis>
  <nanos>356500</nanos>
  <sequence>26</sequence>
  <logger>global</logger>
  <level>WARNING</level>
  <class>interfaz.MenuServidor</class>
  <method>main</method>
  <thread>1</thread>
  <message>El usuario no ha introducido un número</message>
</record>
<record>
  <date>2021-05-19T16:06:51.930353900Z</date>
  <millis>1621440411930</millis>
  <nanos>353900</nanos>
  <sequence>27</sequence>
  <logger>global</logger>
  <level>WARNING</level>
  <class>interfaz.MenuServidor</class>
  <method>main</method>
  <thread>1</thread>
  <message>El usuario no ha introducido un número</message>
</record>
<record>
  <date>2021-05-19T16:06:51.932348500Z</date>
  <millis>1621440411932</millis>
  <nanos>348500</nanos>
  <sequence>28</sequence>
  <logger>global</logger>
  <level>WARNING</level>
  <class>interfaz.MenuServidor</class>
  <method>main</method>
  <thread>1</thread>
  <message>El usuario no ha introducido un número</message>
</record>
<record>
  <date>2021-05-19T16:06:51.934343200Z</date>
  <millis>1621440411934</millis>
  <nanos>343200</nanos>
  <sequence>29</sequence>
  <logger>global</logger>
  <level>WARNING</level>
  <class>interfaz.MenuServidor</class>
  <method>main</method>
  <thread>1</thread>
  <message>El usuario no ha introducido un número</message>
</record>
